{"/home/lucky/Documents/innoblog/client/src/api.js": {"path":"/home/lucky/Documents/innoblog/client/src/api.js","statementMap":{"0":{"start":{"line":2,"column":2},"end":{"line":2,"column":null}},"1":{"start":{"line":5,"column":23},"end":{"line":5,"column":38}},"2":{"start":{"line":6,"column":16},"end":{"line":6,"column":83}},"3":{"start":{"line":8,"column":2},"end":{"line":8,"column":null}},"4":{"start":{"line":9,"column":2},"end":{"line":9,"column":null}},"5":{"start":{"line":10,"column":2},"end":{"line":10,"column":null}},"6":{"start":{"line":11,"column":2},"end":{"line":11,"column":null}},"7":{"start":{"line":13,"column":2},"end":{"line":13,"column":null}},"8":{"start":{"line":17,"column":73},"end":{"line":17,"column":null}},"9":{"start":{"line":19,"column":21},"end":{"line":19,"column":41}},"10":{"start":{"line":20,"column":20},"end":{"line":20,"column":64}},"11":{"start":{"line":20,"column":37},"end":{"line":20,"column":55}},"12":{"start":{"line":22,"column":2},"end":{"line":58,"column":null}},"13":{"start":{"line":23,"column":21},"end":{"line":33,"column":null}},"14":{"start":{"line":35,"column":20},"end":{"line":35,"column":40}},"15":{"start":{"line":36,"column":15},"end":{"line":36,"column":16}},"16":{"start":{"line":38,"column":4},"end":{"line":42,"column":null}},"17":{"start":{"line":39,"column":6},"end":{"line":42,"column":null}},"18":{"start":{"line":40,"column":8},"end":{"line":40,"column":null}},"19":{"start":{"line":42,"column":8},"end":{"line":42,"column":null}},"20":{"start":{"line":46,"column":4},"end":{"line":47,"column":null}},"21":{"start":{"line":47,"column":6},"end":{"line":47,"column":null}},"22":{"start":{"line":50,"column":4},"end":{"line":50,"column":null}},"23":{"start":{"line":52,"column":4},"end":{"line":53,"column":null}},"24":{"start":{"line":53,"column":6},"end":{"line":53,"column":null}},"25":{"start":{"line":56,"column":4},"end":{"line":56,"column":null}},"26":{"start":{"line":58,"column":4},"end":{"line":58,"column":null}}},"fnMap":{"0":{"name":"buildRequestError","decl":{"start":{"line":4,"column":9},"end":{"line":4,"column":27}},"loc":{"start":{"line":4,"column":48},"end":{"line":13,"column":null}},"line":4},"1":{"name":"apiRequest","decl":{"start":{"line":16,"column":22},"end":{"line":16,"column":33}},"loc":{"start":{"line":16,"column":53},"end":{"line":58,"column":null}},"line":16},"2":{"name":"(anonymous_2)","decl":{"start":{"line":20,"column":20},"end":{"line":20,"column":37}},"loc":{"start":{"line":20,"column":37},"end":{"line":20,"column":55}},"line":20}},"branchMap":{"0":{"loc":{"start":{"line":2,"column":2},"end":{"line":2,"column":null}},"type":"binary-expr","locations":[{"start":{"line":2,"column":2},"end":{"line":2,"column":34}},{"start":{"line":2,"column":34},"end":{"line":2,"column":null}}],"line":2},"1":{"loc":{"start":{"line":4,"column":37},"end":{"line":4,"column":46}},"type":"default-arg","locations":[{"start":{"line":4,"column":44},"end":{"line":4,"column":46}}],"line":4},"2":{"loc":{"start":{"line":5,"column":23},"end":{"line":5,"column":38}},"type":"binary-expr","locations":[{"start":{"line":5,"column":23},"end":{"line":5,"column":37}},{"start":{"line":5,"column":37},"end":{"line":5,"column":38}}],"line":5},"3":{"loc":{"start":{"line":6,"column":26},"end":{"line":6,"column":83}},"type":"binary-expr","locations":[{"start":{"line":6,"column":26},"end":{"line":6,"column":50}},{"start":{"line":6,"column":50},"end":{"line":6,"column":66}},{"start":{"line":6,"column":66},"end":{"line":6,"column":83}}],"line":6},"4":{"loc":{"start":{"line":9,"column":15},"end":{"line":9,"column":null}},"type":"binary-expr","locations":[{"start":{"line":9,"column":15},"end":{"line":9,"column":36}},{"start":{"line":9,"column":36},"end":{"line":9,"column":null}}],"line":9},"5":{"loc":{"start":{"line":10,"column":18},"end":{"line":10,"column":null}},"type":"binary-expr","locations":[{"start":{"line":10,"column":18},"end":{"line":10,"column":42}},{"start":{"line":10,"column":42},"end":{"line":10,"column":null}}],"line":10},"6":{"loc":{"start":{"line":11,"column":20},"end":{"line":11,"column":null}},"type":"binary-expr","locations":[{"start":{"line":11,"column":20},"end":{"line":11,"column":46}},{"start":{"line":11,"column":46},"end":{"line":11,"column":82}},{"start":{"line":11,"column":86},"end":{"line":11,"column":null}}],"line":11},"7":{"loc":{"start":{"line":16,"column":39},"end":{"line":16,"column":51}},"type":"default-arg","locations":[{"start":{"line":16,"column":49},"end":{"line":16,"column":51}}],"line":16},"8":{"loc":{"start":{"line":17,"column":10},"end":{"line":17,"column":26}},"type":"default-arg","locations":[{"start":{"line":17,"column":19},"end":{"line":17,"column":26}}],"line":17},"9":{"loc":{"start":{"line":17,"column":32},"end":{"line":17,"column":44}},"type":"default-arg","locations":[{"start":{"line":17,"column":42},"end":{"line":17,"column":44}}],"line":17},"10":{"loc":{"start":{"line":17,"column":53},"end":{"line":17,"column":73}},"type":"default-arg","locations":[{"start":{"line":17,"column":63},"end":{"line":17,"column":73}}],"line":17},"11":{"loc":{"start":{"line":28,"column":12},"end":{"line":28,"column":62}},"type":"cond-expr","locations":[{"start":{"line":28,"column":19},"end":{"line":28,"column":57}},{"start":{"line":28,"column":60},"end":{"line":28,"column":62}}],"line":28},"12":{"loc":{"start":{"line":29,"column":12},"end":{"line":29,"column":61}},"type":"cond-expr","locations":[{"start":{"line":29,"column":20},"end":{"line":29,"column":56}},{"start":{"line":29,"column":59},"end":{"line":29,"column":61}}],"line":29},"13":{"loc":{"start":{"line":32,"column":12},"end":{"line":32,"column":null}},"type":"cond-expr","locations":[{"start":{"line":32,"column":19},"end":{"line":32,"column":39}},{"start":{"line":32,"column":42},"end":{"line":32,"column":null}}],"line":32},"14":{"loc":{"start":{"line":38,"column":4},"end":{"line":42,"column":null}},"type":"if","locations":[{"start":{"line":38,"column":4},"end":{"line":42,"column":null}},{"start":{},"end":{}}],"line":38},"15":{"loc":{"start":{"line":46,"column":4},"end":{"line":47,"column":null}},"type":"if","locations":[{"start":{"line":46,"column":4},"end":{"line":47,"column":null}},{"start":{},"end":{}}],"line":46},"16":{"loc":{"start":{"line":52,"column":4},"end":{"line":53,"column":null}},"type":"if","locations":[{"start":{"line":52,"column":4},"end":{"line":53,"column":null}},{"start":{},"end":{}}],"line":52}},"s":{"0":1,"1":2,"2":2,"3":2,"4":2,"5":2,"6":2,"7":2,"8":3,"9":3,"10":3,"11":0,"12":3,"13":3,"14":3,"15":3,"16":3,"17":3,"18":3,"19":1,"20":3,"21":2,"22":1,"23":2,"24":0,"25":2,"26":3},"f":{"0":2,"1":3,"2":0},"b":{"0":[1,1],"1":[2],"2":[2,1],"3":[2,1,0],"4":[2,1],"5":[2,1],"6":[2,1,1],"7":[3],"8":[3],"9":[3],"10":[3],"11":[1,2],"12":[0,3],"13":[1,2],"14":[3,0],"15":[2,1],"16":[0,2]},"meta":{"lastBranch":17,"lastFunction":3,"lastStatement":27,"seen":{"s:2:2:2:Infinity":0,"b:2:2:2:34:2:34:2:Infinity":0,"f:4:9:4:27":0,"b:4:44:4:46":1,"s:5:23:5:38":1,"b:5:23:5:37:5:37:5:38":2,"s:6:16:6:83":2,"b:6:26:6:50:6:50:6:66:6:66:6:83":3,"s:8:2:8:Infinity":3,"s:9:2:9:Infinity":4,"b:9:15:9:36:9:36:9:Infinity":4,"s:10:2:10:Infinity":5,"b:10:18:10:42:10:42:10:Infinity":5,"s:11:2:11:Infinity":6,"b:11:20:11:46:11:46:11:82:11:86:11:Infinity":6,"s:13:2:13:Infinity":7,"f:16:22:16:33":1,"b:16:49:16:51":7,"s:17:73:17:Infinity":8,"b:17:19:17:26":8,"b:17:42:17:44":9,"b:17:63:17:73":10,"s:19:21:19:41":9,"s:20:20:20:64":10,"f:20:20:20:37":2,"s:20:37:20:55":11,"s:22:2:58:Infinity":12,"s:23:21:33:Infinity":13,"b:28:19:28:57:28:60:28:62":11,"b:29:20:29:56:29:59:29:61":12,"b:32:19:32:39:32:42:32:Infinity":13,"s:35:20:35:40":14,"s:36:15:36:16":15,"b:38:4:42:Infinity:undefined:undefined:undefined:undefined":14,"s:38:4:42:Infinity":16,"s:39:6:42:Infinity":17,"s:40:8:40:Infinity":18,"s:42:8:42:Infinity":19,"b:46:4:47:Infinity:undefined:undefined:undefined:undefined":15,"s:46:4:47:Infinity":20,"s:47:6:47:Infinity":21,"s:50:4:50:Infinity":22,"b:52:4:53:Infinity:undefined:undefined:undefined:undefined":16,"s:52:4:53:Infinity":23,"s:53:6:53:Infinity":24,"s:56:4:56:Infinity":25,"s:58:4:58:Infinity":26}}}
,"/home/lucky/Documents/innoblog/client/src/components/ErrorBoundary.jsx": {"path":"/home/lucky/Documents/innoblog/client/src/components/ErrorBoundary.jsx","statementMap":{"0":{"start":{"line":5,"column":4},"end":{"line":5,"column":null}},"1":{"start":{"line":6,"column":4},"end":{"line":6,"column":null}},"2":{"start":{"line":7,"column":4},"end":{"line":7,"column":null}},"3":{"start":{"line":11,"column":4},"end":{"line":11,"column":null}},"4":{"start":{"line":15,"column":4},"end":{"line":16,"column":null}},"5":{"start":{"line":16,"column":6},"end":{"line":16,"column":null}},"6":{"start":{"line":21,"column":4},"end":{"line":25,"column":null}},"7":{"start":{"line":27,"column":4},"end":{"line":28,"column":null}},"8":{"start":{"line":28,"column":6},"end":{"line":28,"column":null}},"9":{"start":{"line":33,"column":4},"end":{"line":33,"column":null}},"10":{"start":{"line":37,"column":4},"end":{"line":59,"column":null}},"11":{"start":{"line":38,"column":20},"end":{"line":38,"column":null}},"12":{"start":{"line":40,"column":8},"end":{"line":41,"column":null}},"13":{"start":{"line":42,"column":25},"end":{"line":42,"column":null}},"14":{"start":{"line":43,"column":26},"end":{"line":43,"column":null}},"15":{"start":{"line":45,"column":6},"end":{"line":59,"column":null}},"16":{"start":{"line":65,"column":4},"end":{"line":65,"column":null}}},"fnMap":{"0":{"name":"(anonymous_0)","decl":{"start":{"line":4,"column":2},"end":{"line":4,"column":14}},"loc":{"start":{"line":4,"column":21},"end":{"line":7,"column":null}},"line":4},"1":{"name":"(anonymous_1)","decl":{"start":{"line":10,"column":9},"end":{"line":10,"column":34}},"loc":{"start":{"line":10,"column":41},"end":{"line":11,"column":null}},"line":10},"2":{"name":"(anonymous_2)","decl":{"start":{"line":14,"column":2},"end":{"line":14,"column":21}},"loc":{"start":{"line":14,"column":32},"end":{"line":16,"column":null}},"line":14},"3":{"name":"(anonymous_3)","decl":{"start":{"line":20,"column":2},"end":{"line":20,"column":20}},"loc":{"start":{"line":20,"column":33},"end":{"line":28,"column":null}},"line":20},"4":{"name":"(anonymous_4)","decl":{"start":{"line":32,"column":2},"end":{"line":32,"column":16}},"loc":{"start":{"line":32,"column":16},"end":{"line":33,"column":null}},"line":32},"5":{"name":"(anonymous_5)","decl":{"start":{"line":36,"column":2},"end":{"line":36,"column":11}},"loc":{"start":{"line":36,"column":11},"end":{"line":65,"column":null}},"line":36}},"branchMap":{"0":{"loc":{"start":{"line":15,"column":4},"end":{"line":16,"column":null}},"type":"if","locations":[{"start":{"line":15,"column":4},"end":{"line":16,"column":null}},{"start":{},"end":{}}],"line":15},"1":{"loc":{"start":{"line":15,"column":8},"end":{"line":15,"column":75}},"type":"binary-expr","locations":[{"start":{"line":15,"column":8},"end":{"line":15,"column":31}},{"start":{"line":15,"column":31},"end":{"line":15,"column":75}}],"line":15},"2":{"loc":{"start":{"line":22,"column":38},"end":{"line":22,"column":null}},"type":"cond-expr","locations":[{"start":{"line":22,"column":64},"end":{"line":22,"column":99}},{"start":{"line":22,"column":99},"end":{"line":22,"column":null}}],"line":22},"3":{"loc":{"start":{"line":27,"column":4},"end":{"line":28,"column":null}},"type":"if","locations":[{"start":{"line":27,"column":4},"end":{"line":28,"column":null}},{"start":{},"end":{}}],"line":27},"4":{"loc":{"start":{"line":37,"column":4},"end":{"line":59,"column":null}},"type":"if","locations":[{"start":{"line":37,"column":4},"end":{"line":59,"column":null}},{"start":{},"end":{}}],"line":37},"5":{"loc":{"start":{"line":38,"column":20},"end":{"line":38,"column":null}},"type":"binary-expr","locations":[{"start":{"line":38,"column":20},"end":{"line":38,"column":40}},{"start":{"line":38,"column":40},"end":{"line":38,"column":null}}],"line":38},"6":{"loc":{"start":{"line":40,"column":8},"end":{"line":41,"column":null}},"type":"binary-expr","locations":[{"start":{"line":40,"column":8},"end":{"line":40,"column":null}},{"start":{"line":41,"column":8},"end":{"line":41,"column":null}}],"line":40},"7":{"loc":{"start":{"line":42,"column":25},"end":{"line":42,"column":null}},"type":"binary-expr","locations":[{"start":{"line":42,"column":25},"end":{"line":42,"column":50}},{"start":{"line":42,"column":50},"end":{"line":42,"column":null}}],"line":42},"8":{"loc":{"start":{"line":43,"column":26},"end":{"line":43,"column":null}},"type":"binary-expr","locations":[{"start":{"line":43,"column":26},"end":{"line":43,"column":52}},{"start":{"line":43,"column":52},"end":{"line":43,"column":null}}],"line":43},"9":{"loc":{"start":{"line":50,"column":11},"end":{"line":52,"column":null}},"type":"cond-expr","locations":[{"start":{"line":51,"column":12},"end":{"line":52,"column":null}},{"start":{"line":52,"column":14},"end":{"line":52,"column":null}}],"line":50}},"s":{"0":4,"1":4,"2":4,"3":2,"4":0,"5":0,"6":1,"7":1,"8":0,"9":0,"10":5,"11":2,"12":2,"13":2,"14":2,"15":2,"16":3},"f":{"0":4,"1":1,"2":0,"3":1,"4":0,"5":5},"b":{"0":[0,0],"1":[0,0],"2":[0,1],"3":[0,1],"4":[2,3],"5":[2,0],"6":[2,0],"7":[2,2],"8":[2,2],"9":[2,0]},"meta":{"lastBranch":10,"lastFunction":6,"lastStatement":17,"seen":{"f:4:2:4:14":0,"s:5:4:5:Infinity":0,"s:6:4:6:Infinity":1,"s:7:4:7:Infinity":2,"f:10:9:10:34":1,"s:11:4:11:Infinity":3,"f:14:2:14:21":2,"b:15:4:16:Infinity:undefined:undefined:undefined:undefined":0,"s:15:4:16:Infinity":4,"b:15:8:15:31:15:31:15:75":1,"s:16:6:16:Infinity":5,"f:20:2:20:20":3,"s:21:4:25:Infinity":6,"b:22:64:22:99:22:99:22:Infinity":2,"b:27:4:28:Infinity:undefined:undefined:undefined:undefined":3,"s:27:4:28:Infinity":7,"s:28:6:28:Infinity":8,"f:32:2:32:16":4,"s:33:4:33:Infinity":9,"f:36:2:36:11":5,"b:37:4:59:Infinity:undefined:undefined:undefined:undefined":4,"s:37:4:59:Infinity":10,"s:38:20:38:Infinity":11,"b:38:20:38:40:38:40:38:Infinity":5,"s:40:8:41:Infinity":12,"b:40:8:40:Infinity:41:8:41:Infinity":6,"s:42:25:42:Infinity":13,"b:42:25:42:50:42:50:42:Infinity":7,"s:43:26:43:Infinity":14,"b:43:26:43:52:43:52:43:Infinity":8,"s:45:6:59:Infinity":15,"b:51:12:52:Infinity:52:14:52:Infinity":9,"s:65:4:65:Infinity":16}}}
,"/home/lucky/Documents/innoblog/client/src/components/LoadingDots.jsx": {"path":"/home/lucky/Documents/innoblog/client/src/components/LoadingDots.jsx","statementMap":{"0":{"start":{"line":2,"column":2},"end":{"line":6,"column":null}}},"fnMap":{"0":{"name":"LoadingDots","decl":{"start":{"line":1,"column":24},"end":{"line":1,"column":38}},"loc":{"start":{"line":1,"column":38},"end":{"line":6,"column":null}},"line":1}},"branchMap":{},"s":{"0":4},"f":{"0":4},"b":{},"meta":{"lastBranch":0,"lastFunction":1,"lastStatement":1,"seen":{"f:1:24:1:38":0,"s:2:2:6:Infinity":0}}}
,"/home/lucky/Documents/innoblog/client/src/data/siteContent.js": {"path":"/home/lucky/Documents/innoblog/client/src/data/siteContent.js","statementMap":{"0":{"start":{"line":1,"column":23},"end":{"line":44,"column":null}},"1":{"start":{"line":46,"column":28},"end":{"line":47,"column":null}},"2":{"start":{"line":47,"column":26},"end":{"line":47,"column":47}},"3":{"start":{"line":50,"column":27},"end":{"line":54,"column":null}},"4":{"start":{"line":56,"column":29},"end":{"line":60,"column":null}},"5":{"start":{"line":62,"column":35},"end":{"line":66,"column":null}}},"fnMap":{"0":{"name":"(anonymous_0)","decl":{"start":{"line":47,"column":10},"end":{"line":47,"column":15}},"loc":{"start":{"line":47,"column":26},"end":{"line":47,"column":47}},"line":47}},"branchMap":{},"s":{"0":2,"1":2,"2":14,"3":2,"4":2,"5":2},"f":{"0":14},"b":{},"meta":{"lastBranch":0,"lastFunction":1,"lastStatement":6,"seen":{"s:1:23:44:Infinity":0,"s:46:28:47:Infinity":1,"f:47:10:47:15":0,"s:47:26:47:47":2,"s:50:27:54:Infinity":3,"s:56:29:60:Infinity":4,"s:62:35:66:Infinity":5}}}
,"/home/lucky/Documents/innoblog/client/src/pages/CreateArticlePage.jsx": {"path":"/home/lucky/Documents/innoblog/client/src/pages/CreateArticlePage.jsx","statementMap":{"0":{"start":{"line":19,"column":2},"end":{"line":19,"column":null}},"1":{"start":{"line":22,"column":26},"end":{"line":26,"column":null}},"2":{"start":{"line":27,"column":15},"end":{"line":35,"column":4}},"3":{"start":{"line":36,"column":18},"end":{"line":36,"column":44}},"4":{"start":{"line":37,"column":20},"end":{"line":37,"column":48}},"5":{"start":{"line":38,"column":16},"end":{"line":38,"column":40}},"6":{"start":{"line":39,"column":20},"end":{"line":39,"column":48}},"7":{"start":{"line":40,"column":21},"end":{"line":40,"column":53}},"8":{"start":{"line":41,"column":27},"end":{"line":41,"column":65}},"9":{"start":{"line":42,"column":25},"end":{"line":42,"column":89}},"10":{"start":{"line":43,"column":22},"end":{"line":43,"column":65}},"11":{"start":{"line":44,"column":22},"end":{"line":44,"column":55}},"12":{"start":{"line":45,"column":37},"end":{"line":45,"column":85}},"13":{"start":{"line":46,"column":8},"end":{"line":46,"column":42}},"14":{"start":{"line":48,"column":2},"end":{"line":69,"column":null}},"15":{"start":{"line":49,"column":4},"end":{"line":49,"column":null}},"16":{"start":{"line":51,"column":4},"end":{"line":67,"column":null}},"17":{"start":{"line":52,"column":23},"end":{"line":52,"column":67}},"18":{"start":{"line":53,"column":6},"end":{"line":61,"column":null}},"19":{"start":{"line":54,"column":27},"end":{"line":54,"column":47}},"20":{"start":{"line":55,"column":8},"end":{"line":61,"column":null}},"21":{"start":{"line":56,"column":10},"end":{"line":56,"column":null}},"22":{"start":{"line":57,"column":10},"end":{"line":60,"column":null}},"23":{"start":{"line":57,"column":36},"end":{"line":60,"column":13}},"24":{"start":{"line":61,"column":10},"end":{"line":61,"column":null}},"25":{"start":{"line":67,"column":6},"end":{"line":67,"column":null}},"26":{"start":{"line":71,"column":2},"end":{"line":87,"column":null}},"27":{"start":{"line":72,"column":4},"end":{"line":73,"column":null}},"28":{"start":{"line":73,"column":6},"end":{"line":73,"column":null}},"29":{"start":{"line":76,"column":4},"end":{"line":84,"column":null}},"30":{"start":{"line":77,"column":6},"end":{"line":77,"column":null}},"31":{"start":{"line":78,"column":6},"end":{"line":78,"column":null}},"32":{"start":{"line":79,"column":25},"end":{"line":79,"column":86}},"33":{"start":{"line":79,"column":49},"end":{"line":79,"column":80}},"34":{"start":{"line":81,"column":6},"end":{"line":82,"column":null}},"35":{"start":{"line":82,"column":8},"end":{"line":82,"column":null}},"36":{"start":{"line":89,"column":8},"end":{"line":89,"column":39}},"37":{"start":{"line":90,"column":20},"end":{"line":90,"column":null}},"38":{"start":{"line":91,"column":21},"end":{"line":94,"column":20}},"39":{"start":{"line":93,"column":18},"end":{"line":93,"column":28}},"40":{"start":{"line":96,"column":20},"end":{"line":96,"column":53}},"41":{"start":{"line":97,"column":22},"end":{"line":101,"column":null}},"42":{"start":{"line":102,"column":27},"end":{"line":102,"column":null}},"43":{"start":{"line":104,"column":2},"end":{"line":155,"column":null}},"44":{"start":{"line":105,"column":4},"end":{"line":106,"column":null}},"45":{"start":{"line":106,"column":6},"end":{"line":106,"column":null}},"46":{"start":{"line":110,"column":6},"end":{"line":110,"column":null}},"47":{"start":{"line":111,"column":6},"end":{"line":111,"column":null}},"48":{"start":{"line":113,"column":6},"end":{"line":150,"column":null}},"49":{"start":{"line":114,"column":8},"end":{"line":144,"column":null}},"50":{"start":{"line":115,"column":23},"end":{"line":115,"column":63}},"51":{"start":{"line":116,"column":10},"end":{"line":116,"column":null}},"52":{"start":{"line":118,"column":10},"end":{"line":128,"column":null}},"53":{"start":{"line":119,"column":12},"end":{"line":128,"column":null}},"54":{"start":{"line":119,"column":38},"end":{"line":128,"column":15}},"55":{"start":{"line":131,"column":23},"end":{"line":131,"column":67}},"56":{"start":{"line":132,"column":10},"end":{"line":132,"column":null}},"57":{"start":{"line":134,"column":10},"end":{"line":144,"column":null}},"58":{"start":{"line":135,"column":12},"end":{"line":144,"column":null}},"59":{"start":{"line":135,"column":38},"end":{"line":144,"column":15}},"60":{"start":{"line":148,"column":8},"end":{"line":148,"column":null}},"61":{"start":{"line":150,"column":8},"end":{"line":150,"column":null}},"62":{"start":{"line":154,"column":4},"end":{"line":154,"column":null}},"63":{"start":{"line":158,"column":28},"end":{"line":158,"column":null}},"64":{"start":{"line":159,"column":21},"end":{"line":159,"column":null}},"65":{"start":{"line":162,"column":4},"end":{"line":163,"column":null}},"66":{"start":{"line":163,"column":6},"end":{"line":163,"column":null}},"67":{"start":{"line":166,"column":4},"end":{"line":169,"column":null}},"68":{"start":{"line":166,"column":30},"end":{"line":169,"column":7}},"69":{"start":{"line":173,"column":4},"end":{"line":173,"column":null}},"70":{"start":{"line":176,"column":10},"end":{"line":176,"column":48}},"71":{"start":{"line":177,"column":4},"end":{"line":179,"column":null}},"72":{"start":{"line":178,"column":6},"end":{"line":178,"column":null}},"73":{"start":{"line":179,"column":6},"end":{"line":179,"column":null}},"74":{"start":{"line":182,"column":10},"end":{"line":182,"column":54}},"75":{"start":{"line":183,"column":4},"end":{"line":185,"column":null}},"76":{"start":{"line":184,"column":6},"end":{"line":184,"column":null}},"77":{"start":{"line":185,"column":6},"end":{"line":185,"column":null}},"78":{"start":{"line":188,"column":10},"end":{"line":188,"column":45}},"79":{"start":{"line":189,"column":4},"end":{"line":191,"column":null}},"80":{"start":{"line":190,"column":6},"end":{"line":190,"column":null}},"81":{"start":{"line":191,"column":6},"end":{"line":191,"column":null}},"82":{"start":{"line":194,"column":10},"end":{"line":194,"column":45}},"83":{"start":{"line":195,"column":4},"end":{"line":197,"column":null}},"84":{"start":{"line":196,"column":6},"end":{"line":196,"column":null}},"85":{"start":{"line":197,"column":6},"end":{"line":197,"column":null}},"86":{"start":{"line":200,"column":10},"end":{"line":200,"column":63}},"87":{"start":{"line":201,"column":4},"end":{"line":203,"column":null}},"88":{"start":{"line":202,"column":6},"end":{"line":202,"column":null}},"89":{"start":{"line":203,"column":6},"end":{"line":203,"column":null}},"90":{"start":{"line":206,"column":4},"end":{"line":206,"column":null}},"91":{"start":{"line":207,"column":4},"end":{"line":207,"column":null}},"92":{"start":{"line":209,"column":4},"end":{"line":229,"column":null}},"93":{"start":{"line":210,"column":6},"end":{"line":219,"column":null}},"94":{"start":{"line":221,"column":6},"end":{"line":223,"column":null}},"95":{"start":{"line":222,"column":8},"end":{"line":222,"column":null}},"96":{"start":{"line":227,"column":6},"end":{"line":227,"column":null}},"97":{"start":{"line":229,"column":6},"end":{"line":229,"column":null}},"98":{"start":{"line":234,"column":4},"end":{"line":234,"column":null}},"99":{"start":{"line":237,"column":10},"end":{"line":237,"column":48}},"100":{"start":{"line":238,"column":4},"end":{"line":240,"column":null}},"101":{"start":{"line":239,"column":6},"end":{"line":239,"column":null}},"102":{"start":{"line":240,"column":6},"end":{"line":240,"column":null}},"103":{"start":{"line":244,"column":4},"end":{"line":246,"column":null}},"104":{"start":{"line":245,"column":6},"end":{"line":245,"column":null}},"105":{"start":{"line":246,"column":6},"end":{"line":246,"column":null}},"106":{"start":{"line":250,"column":10},"end":{"line":250,"column":45}},"107":{"start":{"line":251,"column":4},"end":{"line":253,"column":null}},"108":{"start":{"line":252,"column":6},"end":{"line":252,"column":null}},"109":{"start":{"line":253,"column":6},"end":{"line":253,"column":null}},"110":{"start":{"line":256,"column":10},"end":{"line":256,"column":63}},"111":{"start":{"line":257,"column":4},"end":{"line":259,"column":null}},"112":{"start":{"line":258,"column":6},"end":{"line":258,"column":null}},"113":{"start":{"line":259,"column":6},"end":{"line":259,"column":null}},"114":{"start":{"line":262,"column":4},"end":{"line":262,"column":null}},"115":{"start":{"line":263,"column":4},"end":{"line":263,"column":null}},"116":{"start":{"line":265,"column":4},"end":{"line":300,"column":null}},"117":{"start":{"line":266,"column":23},"end":{"line":270,"column":null}},"118":{"start":{"line":271,"column":21},"end":{"line":271,"column":null}},"119":{"start":{"line":272,"column":19},"end":{"line":279,"column":8}},"120":{"start":{"line":281,"column":6},"end":{"line":282,"column":null}},"121":{"start":{"line":282,"column":8},"end":{"line":282,"column":null}},"122":{"start":{"line":285,"column":6},"end":{"line":286,"column":null}},"123":{"start":{"line":286,"column":8},"end":{"line":286,"column":null}},"124":{"start":{"line":288,"column":6},"end":{"line":288,"column":null}},"125":{"start":{"line":289,"column":6},"end":{"line":289,"column":null}},"126":{"start":{"line":292,"column":6},"end":{"line":294,"column":null}},"127":{"start":{"line":293,"column":8},"end":{"line":293,"column":null}},"128":{"start":{"line":298,"column":6},"end":{"line":298,"column":null}},"129":{"start":{"line":300,"column":6},"end":{"line":300,"column":null}},"130":{"start":{"line":304,"column":2},"end":{"line":316,"column":null}},"131":{"start":{"line":305,"column":4},"end":{"line":306,"column":null}},"132":{"start":{"line":306,"column":6},"end":{"line":306,"column":null}},"133":{"start":{"line":309,"column":18},"end":{"line":311,"column":12}},"134":{"start":{"line":310,"column":6},"end":{"line":310,"column":null}},"135":{"start":{"line":313,"column":4},"end":{"line":314,"column":null}},"136":{"start":{"line":314,"column":6},"end":{"line":314,"column":null}},"137":{"start":{"line":318,"column":2},"end":{"line":333,"column":null}},"138":{"start":{"line":319,"column":4},"end":{"line":333,"column":null}},"139":{"start":{"line":339,"column":2},"end":{"line":354,"column":null}},"140":{"start":{"line":340,"column":4},"end":{"line":354,"column":null}},"141":{"start":{"line":360,"column":2},"end":{"line":367,"column":null}},"142":{"start":{"line":361,"column":4},"end":{"line":367,"column":null}},"143":{"start":{"line":371,"column":2},"end":{"line":379,"column":null}},"144":{"start":{"line":372,"column":4},"end":{"line":379,"column":null}},"145":{"start":{"line":384,"column":2},"end":{"line":612,"column":null}},"146":{"start":{"line":424,"column":16},"end":{"line":426,"column":null}},"147":{"start":{"line":491,"column":18},"end":{"line":493,"column":null}},"148":{"start":{"line":506,"column":29},"end":{"line":506,"column":null}},"149":{"start":{"line":507,"column":16},"end":{"line":508,"column":null}},"150":{"start":{"line":508,"column":18},"end":{"line":508,"column":null}},"151":{"start":{"line":511,"column":31},"end":{"line":511,"column":47}},"152":{"start":{"line":512,"column":16},"end":{"line":516,"column":null}},"153":{"start":{"line":513,"column":18},"end":{"line":516,"column":null}},"154":{"start":{"line":513,"column":44},"end":{"line":516,"column":21}},"155":{"start":{"line":518,"column":16},"end":{"line":518,"column":null}},"156":{"start":{"line":544,"column":29},"end":{"line":544,"column":67}},"157":{"start":{"line":544,"column":60},"end":{"line":544,"column":67}},"158":{"start":{"line":550,"column":57},"end":{"line":553,"column":17}},"159":{"start":{"line":550,"column":83},"end":{"line":553,"column":17}},"160":{"start":{"line":584,"column":16},"end":{"line":586,"column":null}},"161":{"start":{"line":598,"column":14},"end":{"line":601,"column":null}}},"fnMap":{"0":{"name":"CreateArticlePage","decl":{"start":{"line":21,"column":24},"end":{"line":21,"column":42}},"loc":{"start":{"line":21,"column":90},"end":{"line":612,"column":null}},"line":21},"1":{"name":"(anonymous_1)","decl":{"start":{"line":48,"column":2},"end":{"line":48,"column":18}},"loc":{"start":{"line":48,"column":18},"end":{"line":69,"column":6}},"line":48},"2":{"name":"(anonymous_2)","decl":{"start":{"line":57,"column":10},"end":{"line":57,"column":19}},"loc":{"start":{"line":57,"column":36},"end":{"line":60,"column":13}},"line":57},"3":{"name":"(anonymous_3)","decl":{"start":{"line":71,"column":2},"end":{"line":71,"column":18}},"loc":{"start":{"line":71,"column":18},"end":{"line":87,"column":6}},"line":71},"4":{"name":"(anonymous_4)","decl":{"start":{"line":79,"column":32},"end":{"line":79,"column":49}},"loc":{"start":{"line":79,"column":49},"end":{"line":79,"column":80}},"line":79},"5":{"name":"(anonymous_5)","decl":{"start":{"line":81,"column":6},"end":{"line":81,"column":19}},"loc":{"start":{"line":81,"column":19},"end":{"line":82,"column":null}},"line":81},"6":{"name":"(anonymous_6)","decl":{"start":{"line":93,"column":5},"end":{"line":93,"column":10}},"loc":{"start":{"line":93,"column":18},"end":{"line":93,"column":28}},"line":93},"7":{"name":"(anonymous_7)","decl":{"start":{"line":104,"column":2},"end":{"line":104,"column":18}},"loc":{"start":{"line":104,"column":18},"end":{"line":155,"column":6}},"line":104},"8":{"name":"loadEditorResource","decl":{"start":{"line":109,"column":19},"end":{"line":109,"column":40}},"loc":{"start":{"line":109,"column":40},"end":{"line":150,"column":null}},"line":109},"9":{"name":"(anonymous_9)","decl":{"start":{"line":119,"column":12},"end":{"line":119,"column":21}},"loc":{"start":{"line":119,"column":38},"end":{"line":128,"column":15}},"line":119},"10":{"name":"(anonymous_10)","decl":{"start":{"line":135,"column":12},"end":{"line":135,"column":21}},"loc":{"start":{"line":135,"column":38},"end":{"line":144,"column":15}},"line":135},"11":{"name":"updateField","decl":{"start":{"line":157,"column":11},"end":{"line":157,"column":23}},"loc":{"start":{"line":157,"column":30},"end":{"line":169,"column":null}},"line":157},"12":{"name":"(anonymous_12)","decl":{"start":{"line":166,"column":4},"end":{"line":166,"column":13}},"loc":{"start":{"line":166,"column":30},"end":{"line":169,"column":7}},"line":166},"13":{"name":"handlePublish","decl":{"start":{"line":172,"column":17},"end":{"line":172,"column":31}},"loc":{"start":{"line":172,"column":38},"end":{"line":229,"column":null}},"line":172},"14":{"name":"handleSaveDraft","decl":{"start":{"line":233,"column":17},"end":{"line":233,"column":33}},"loc":{"start":{"line":233,"column":40},"end":{"line":300,"column":null}},"line":233},"15":{"name":"(anonymous_15)","decl":{"start":{"line":304,"column":2},"end":{"line":304,"column":18}},"loc":{"start":{"line":304,"column":18},"end":{"line":316,"column":6}},"line":304},"16":{"name":"(anonymous_16)","decl":{"start":{"line":309,"column":25},"end":{"line":309,"column":42}},"loc":{"start":{"line":309,"column":42},"end":{"line":311,"column":12}},"line":309},"17":{"name":"(anonymous_17)","decl":{"start":{"line":313,"column":4},"end":{"line":313,"column":17}},"loc":{"start":{"line":313,"column":17},"end":{"line":314,"column":null}},"line":313},"18":{"name":"(anonymous_18)","decl":{"start":{"line":423,"column":23},"end":{"line":423,"column":28}},"loc":{"start":{"line":424,"column":16},"end":{"line":426,"column":null}},"line":424},"19":{"name":"(anonymous_19)","decl":{"start":{"line":490,"column":43},"end":{"line":490,"column":48}},"loc":{"start":{"line":491,"column":18},"end":{"line":493,"column":null}},"line":491},"20":{"name":"(anonymous_20)","decl":{"start":{"line":505,"column":24},"end":{"line":505,"column":31}},"loc":{"start":{"line":505,"column":41},"end":{"line":518,"column":null}},"line":505},"21":{"name":"(anonymous_21)","decl":{"start":{"line":512,"column":23},"end":{"line":512,"column":38}},"loc":{"start":{"line":512,"column":38},"end":{"line":516,"column":null}},"line":512},"22":{"name":"(anonymous_22)","decl":{"start":{"line":513,"column":18},"end":{"line":513,"column":27}},"loc":{"start":{"line":513,"column":44},"end":{"line":516,"column":21}},"line":513},"23":{"name":"(anonymous_23)","decl":{"start":{"line":544,"column":14},"end":{"line":544,"column":29}},"loc":{"start":{"line":544,"column":29},"end":{"line":544,"column":67}},"line":544},"24":{"name":"(anonymous_24)","decl":{"start":{"line":544,"column":29},"end":{"line":544,"column":50}},"loc":{"start":{"line":544,"column":60},"end":{"line":544,"column":67}},"line":544},"25":{"name":"(anonymous_25)","decl":{"start":{"line":550,"column":36},"end":{"line":550,"column":47}},"loc":{"start":{"line":550,"column":57},"end":{"line":553,"column":17}},"line":550},"26":{"name":"(anonymous_26)","decl":{"start":{"line":550,"column":57},"end":{"line":550,"column":66}},"loc":{"start":{"line":550,"column":83},"end":{"line":553,"column":17}},"line":550},"27":{"name":"(anonymous_27)","decl":{"start":{"line":583,"column":25},"end":{"line":583,"column":30}},"loc":{"start":{"line":584,"column":16},"end":{"line":586,"column":null}},"line":584},"28":{"name":"(anonymous_28)","decl":{"start":{"line":597,"column":33},"end":{"line":597,"column":38}},"loc":{"start":{"line":598,"column":14},"end":{"line":601,"column":null}},"line":598}},"branchMap":{"0":{"loc":{"start":{"line":22,"column":26},"end":{"line":26,"column":null}},"type":"cond-expr","locations":[{"start":{"line":23,"column":6},"end":{"line":23,"column":null}},{"start":{"line":24,"column":6},"end":{"line":26,"column":null}}],"line":22},"1":{"loc":{"start":{"line":24,"column":6},"end":{"line":26,"column":null}},"type":"cond-expr","locations":[{"start":{"line":25,"column":6},"end":{"line":25,"column":null}},{"start":{"line":26,"column":6},"end":{"line":26,"column":null}}],"line":24},"2":{"loc":{"start":{"line":42,"column":63},"end":{"line":42,"column":88}},"type":"binary-expr","locations":[{"start":{"line":42,"column":63},"end":{"line":42,"column":76}},{"start":{"line":42,"column":76},"end":{"line":42,"column":88}}],"line":42},"3":{"loc":{"start":{"line":53,"column":6},"end":{"line":61,"column":null}},"type":"if","locations":[{"start":{"line":53,"column":6},"end":{"line":61,"column":null}},{"start":{},"end":{}}],"line":53},"4":{"loc":{"start":{"line":55,"column":8},"end":{"line":61,"column":null}},"type":"if","locations":[{"start":{"line":55,"column":8},"end":{"line":61,"column":null}},{"start":{},"end":{}}],"line":55},"5":{"loc":{"start":{"line":55,"column":12},"end":{"line":55,"column":58}},"type":"binary-expr","locations":[{"start":{"line":55,"column":12},"end":{"line":55,"column":26}},{"start":{"line":55,"column":26},"end":{"line":55,"column":58}}],"line":55},"6":{"loc":{"start":{"line":72,"column":4},"end":{"line":73,"column":null}},"type":"if","locations":[{"start":{"line":72,"column":4},"end":{"line":73,"column":null}},{"start":{},"end":{}}],"line":72},"7":{"loc":{"start":{"line":72,"column":8},"end":{"line":72,"column":40}},"type":"binary-expr","locations":[{"start":{"line":72,"column":8},"end":{"line":72,"column":24}},{"start":{"line":72,"column":24},"end":{"line":72,"column":40}}],"line":72},"8":{"loc":{"start":{"line":90,"column":20},"end":{"line":90,"column":null}},"type":"cond-expr","locations":[{"start":{"line":90,"column":31},"end":{"line":90,"column":76}},{"start":{"line":90,"column":76},"end":{"line":90,"column":null}}],"line":90},"9":{"loc":{"start":{"line":96,"column":28},"end":{"line":96,"column":53}},"type":"binary-expr","locations":[{"start":{"line":96,"column":28},"end":{"line":96,"column":41}},{"start":{"line":96,"column":41},"end":{"line":96,"column":53}}],"line":96},"10":{"loc":{"start":{"line":97,"column":22},"end":{"line":101,"column":null}},"type":"cond-expr","locations":[{"start":{"line":98,"column":6},"end":{"line":98,"column":null}},{"start":{"line":99,"column":6},"end":{"line":101,"column":null}}],"line":97},"11":{"loc":{"start":{"line":99,"column":6},"end":{"line":101,"column":null}},"type":"cond-expr","locations":[{"start":{"line":100,"column":6},"end":{"line":100,"column":null}},{"start":{"line":101,"column":6},"end":{"line":101,"column":null}}],"line":99},"12":{"loc":{"start":{"line":102,"column":27},"end":{"line":102,"column":null}},"type":"cond-expr","locations":[{"start":{"line":102,"column":58},"end":{"line":102,"column":76}},{"start":{"line":102,"column":76},"end":{"line":102,"column":null}}],"line":102},"13":{"loc":{"start":{"line":105,"column":4},"end":{"line":106,"column":null}},"type":"if","locations":[{"start":{"line":105,"column":4},"end":{"line":106,"column":null}},{"start":{},"end":{}}],"line":105},"14":{"loc":{"start":{"line":105,"column":8},"end":{"line":105,"column":36}},"type":"binary-expr","locations":[{"start":{"line":105,"column":8},"end":{"line":105,"column":22}},{"start":{"line":105,"column":22},"end":{"line":105,"column":36}}],"line":105},"15":{"loc":{"start":{"line":114,"column":8},"end":{"line":144,"column":null}},"type":"if","locations":[{"start":{"line":114,"column":8},"end":{"line":144,"column":null}},{"start":{"line":130,"column":15},"end":{"line":144,"column":null}}],"line":114},"16":{"loc":{"start":{"line":118,"column":10},"end":{"line":128,"column":null}},"type":"if","locations":[{"start":{"line":118,"column":10},"end":{"line":128,"column":null}},{"start":{},"end":{}}],"line":118},"17":{"loc":{"start":{"line":121,"column":21},"end":{"line":121,"column":null}},"type":"binary-expr","locations":[{"start":{"line":121,"column":21},"end":{"line":121,"column":41}},{"start":{"line":121,"column":41},"end":{"line":121,"column":null}}],"line":121},"18":{"loc":{"start":{"line":122,"column":23},"end":{"line":122,"column":null}},"type":"binary-expr","locations":[{"start":{"line":122,"column":23},"end":{"line":122,"column":45}},{"start":{"line":122,"column":45},"end":{"line":122,"column":null}}],"line":122},"19":{"loc":{"start":{"line":123,"column":22},"end":{"line":123,"column":null}},"type":"binary-expr","locations":[{"start":{"line":123,"column":22},"end":{"line":123,"column":43}},{"start":{"line":123,"column":43},"end":{"line":123,"column":null}}],"line":123},"20":{"loc":{"start":{"line":124,"column":21},"end":{"line":124,"column":42}},"type":"binary-expr","locations":[{"start":{"line":124,"column":21},"end":{"line":124,"column":40}},{"start":{"line":124,"column":40},"end":{"line":124,"column":42}}],"line":124},"21":{"loc":{"start":{"line":125,"column":26},"end":{"line":125,"column":null}},"type":"binary-expr","locations":[{"start":{"line":125,"column":26},"end":{"line":125,"column":51}},{"start":{"line":125,"column":51},"end":{"line":125,"column":null}}],"line":125},"22":{"loc":{"start":{"line":126,"column":26},"end":{"line":126,"column":null}},"type":"binary-expr","locations":[{"start":{"line":126,"column":26},"end":{"line":126,"column":51}},{"start":{"line":126,"column":51},"end":{"line":126,"column":null}}],"line":126},"23":{"loc":{"start":{"line":127,"column":20},"end":{"line":127,"column":null}},"type":"binary-expr","locations":[{"start":{"line":127,"column":20},"end":{"line":127,"column":43}},{"start":{"line":127,"column":43},"end":{"line":127,"column":null}}],"line":127},"24":{"loc":{"start":{"line":134,"column":10},"end":{"line":144,"column":null}},"type":"if","locations":[{"start":{"line":134,"column":10},"end":{"line":144,"column":null}},{"start":{},"end":{}}],"line":134},"25":{"loc":{"start":{"line":137,"column":21},"end":{"line":137,"column":null}},"type":"binary-expr","locations":[{"start":{"line":137,"column":21},"end":{"line":137,"column":43}},{"start":{"line":137,"column":43},"end":{"line":137,"column":null}}],"line":137},"26":{"loc":{"start":{"line":138,"column":23},"end":{"line":138,"column":null}},"type":"binary-expr","locations":[{"start":{"line":138,"column":23},"end":{"line":138,"column":47}},{"start":{"line":138,"column":47},"end":{"line":138,"column":null}}],"line":138},"27":{"loc":{"start":{"line":139,"column":22},"end":{"line":139,"column":null}},"type":"binary-expr","locations":[{"start":{"line":139,"column":22},"end":{"line":139,"column":45}},{"start":{"line":139,"column":45},"end":{"line":139,"column":null}}],"line":139},"28":{"loc":{"start":{"line":140,"column":21},"end":{"line":140,"column":44}},"type":"binary-expr","locations":[{"start":{"line":140,"column":21},"end":{"line":140,"column":42}},{"start":{"line":140,"column":42},"end":{"line":140,"column":44}}],"line":140},"29":{"loc":{"start":{"line":141,"column":26},"end":{"line":141,"column":null}},"type":"binary-expr","locations":[{"start":{"line":141,"column":26},"end":{"line":141,"column":53}},{"start":{"line":141,"column":53},"end":{"line":141,"column":null}}],"line":141},"30":{"loc":{"start":{"line":142,"column":26},"end":{"line":142,"column":null}},"type":"binary-expr","locations":[{"start":{"line":142,"column":26},"end":{"line":142,"column":53}},{"start":{"line":142,"column":53},"end":{"line":142,"column":null}}],"line":142},"31":{"loc":{"start":{"line":143,"column":20},"end":{"line":143,"column":null}},"type":"binary-expr","locations":[{"start":{"line":143,"column":20},"end":{"line":143,"column":45}},{"start":{"line":143,"column":45},"end":{"line":143,"column":null}}],"line":143},"32":{"loc":{"start":{"line":162,"column":4},"end":{"line":163,"column":null}},"type":"if","locations":[{"start":{"line":162,"column":4},"end":{"line":163,"column":null}},{"start":{},"end":{}}],"line":162},"33":{"loc":{"start":{"line":177,"column":4},"end":{"line":179,"column":null}},"type":"if","locations":[{"start":{"line":177,"column":4},"end":{"line":179,"column":null}},{"start":{},"end":{}}],"line":177},"34":{"loc":{"start":{"line":183,"column":4},"end":{"line":185,"column":null}},"type":"if","locations":[{"start":{"line":183,"column":4},"end":{"line":185,"column":null}},{"start":{},"end":{}}],"line":183},"35":{"loc":{"start":{"line":189,"column":4},"end":{"line":191,"column":null}},"type":"if","locations":[{"start":{"line":189,"column":4},"end":{"line":191,"column":null}},{"start":{},"end":{}}],"line":189},"36":{"loc":{"start":{"line":195,"column":4},"end":{"line":197,"column":null}},"type":"if","locations":[{"start":{"line":195,"column":4},"end":{"line":197,"column":null}},{"start":{},"end":{}}],"line":195},"37":{"loc":{"start":{"line":201,"column":4},"end":{"line":203,"column":null}},"type":"if","locations":[{"start":{"line":201,"column":4},"end":{"line":203,"column":null}},{"start":{},"end":{}}],"line":201},"38":{"loc":{"start":{"line":238,"column":4},"end":{"line":240,"column":null}},"type":"if","locations":[{"start":{"line":238,"column":4},"end":{"line":240,"column":null}},{"start":{},"end":{}}],"line":238},"39":{"loc":{"start":{"line":244,"column":4},"end":{"line":246,"column":null}},"type":"if","locations":[{"start":{"line":244,"column":4},"end":{"line":246,"column":null}},{"start":{},"end":{}}],"line":244},"40":{"loc":{"start":{"line":251,"column":4},"end":{"line":253,"column":null}},"type":"if","locations":[{"start":{"line":251,"column":4},"end":{"line":253,"column":null}},{"start":{},"end":{}}],"line":251},"41":{"loc":{"start":{"line":257,"column":4},"end":{"line":259,"column":null}},"type":"if","locations":[{"start":{"line":257,"column":4},"end":{"line":259,"column":null}},{"start":{},"end":{}}],"line":257},"42":{"loc":{"start":{"line":266,"column":23},"end":{"line":270,"column":null}},"type":"cond-expr","locations":[{"start":{"line":267,"column":10},"end":{"line":267,"column":null}},{"start":{"line":268,"column":10},"end":{"line":270,"column":null}}],"line":266},"43":{"loc":{"start":{"line":268,"column":10},"end":{"line":270,"column":null}},"type":"cond-expr","locations":[{"start":{"line":269,"column":10},"end":{"line":269,"column":null}},{"start":{"line":270,"column":10},"end":{"line":270,"column":null}}],"line":268},"44":{"loc":{"start":{"line":271,"column":21},"end":{"line":271,"column":null}},"type":"cond-expr","locations":[{"start":{"line":271,"column":44},"end":{"line":271,"column":54}},{"start":{"line":271,"column":54},"end":{"line":271,"column":null}}],"line":271},"45":{"loc":{"start":{"line":271,"column":21},"end":{"line":271,"column":44}},"type":"binary-expr","locations":[{"start":{"line":271,"column":21},"end":{"line":271,"column":32}},{"start":{"line":271,"column":32},"end":{"line":271,"column":44}}],"line":271},"46":{"loc":{"start":{"line":277,"column":14},"end":{"line":277,"column":null}},"type":"cond-expr","locations":[{"start":{"line":277,"column":38},"end":{"line":277,"column":59}},{"start":{"line":277,"column":62},"end":{"line":277,"column":null}}],"line":277},"47":{"loc":{"start":{"line":277,"column":14},"end":{"line":277,"column":38}},"type":"binary-expr","locations":[{"start":{"line":277,"column":14},"end":{"line":277,"column":25}},{"start":{"line":277,"column":25},"end":{"line":277,"column":38}}],"line":277},"48":{"loc":{"start":{"line":281,"column":6},"end":{"line":282,"column":null}},"type":"if","locations":[{"start":{"line":281,"column":6},"end":{"line":282,"column":null}},{"start":{},"end":{}}],"line":281},"49":{"loc":{"start":{"line":285,"column":6},"end":{"line":286,"column":null}},"type":"if","locations":[{"start":{"line":285,"column":6},"end":{"line":286,"column":null}},{"start":{},"end":{}}],"line":285},"50":{"loc":{"start":{"line":305,"column":4},"end":{"line":306,"column":null}},"type":"if","locations":[{"start":{"line":305,"column":4},"end":{"line":306,"column":null}},{"start":{},"end":{}}],"line":305},"51":{"loc":{"start":{"line":318,"column":2},"end":{"line":333,"column":null}},"type":"if","locations":[{"start":{"line":318,"column":2},"end":{"line":333,"column":null}},{"start":{},"end":{}}],"line":318},"52":{"loc":{"start":{"line":339,"column":2},"end":{"line":354,"column":null}},"type":"if","locations":[{"start":{"line":339,"column":2},"end":{"line":354,"column":null}},{"start":{},"end":{}}],"line":339},"53":{"loc":{"start":{"line":360,"column":2},"end":{"line":367,"column":null}},"type":"if","locations":[{"start":{"line":360,"column":2},"end":{"line":367,"column":null}},{"start":{},"end":{}}],"line":360},"54":{"loc":{"start":{"line":371,"column":2},"end":{"line":379,"column":null}},"type":"if","locations":[{"start":{"line":371,"column":2},"end":{"line":379,"column":null}},{"start":{},"end":{}}],"line":371},"55":{"loc":{"start":{"line":390,"column":17},"end":{"line":390,"column":71}},"type":"cond-expr","locations":[{"start":{"line":390,"column":29},"end":{"line":390,"column":43}},{"start":{"line":390,"column":43},"end":{"line":390,"column":71}}],"line":390},"56":{"loc":{"start":{"line":394,"column":50},"end":{"line":394,"column":98}},"type":"cond-expr","locations":[{"start":{"line":394,"column":81},"end":{"line":394,"column":87}},{"start":{"line":394,"column":87},"end":{"line":394,"column":98}}],"line":394},"57":{"loc":{"start":{"line":411,"column":45},"end":{"line":411,"column":null}},"type":"cond-expr","locations":[{"start":{"line":411,"column":71},"end":{"line":411,"column":81}},{"start":{"line":411,"column":81},"end":{"line":411,"column":null}}],"line":411},"58":{"loc":{"start":{"line":414,"column":15},"end":{"line":415,"column":null}},"type":"binary-expr","locations":[{"start":{"line":414,"column":15},"end":{"line":414,"column":40}},{"start":{"line":415,"column":16},"end":{"line":415,"column":null}}],"line":414},"59":{"loc":{"start":{"line":442,"column":45},"end":{"line":442,"column":null}},"type":"cond-expr","locations":[{"start":{"line":442,"column":76},"end":{"line":442,"column":86}},{"start":{"line":442,"column":86},"end":{"line":442,"column":null}}],"line":442},"60":{"loc":{"start":{"line":445,"column":15},"end":{"line":446,"column":null}},"type":"binary-expr","locations":[{"start":{"line":445,"column":15},"end":{"line":445,"column":50}},{"start":{"line":446,"column":16},"end":{"line":446,"column":null}}],"line":445},"61":{"loc":{"start":{"line":462,"column":45},"end":{"line":462,"column":null}},"type":"cond-expr","locations":[{"start":{"line":462,"column":73},"end":{"line":462,"column":83}},{"start":{"line":462,"column":83},"end":{"line":462,"column":null}}],"line":462},"62":{"loc":{"start":{"line":465,"column":15},"end":{"line":466,"column":null}},"type":"binary-expr","locations":[{"start":{"line":465,"column":15},"end":{"line":465,"column":44}},{"start":{"line":466,"column":16},"end":{"line":466,"column":null}}],"line":465},"63":{"loc":{"start":{"line":484,"column":15},"end":{"line":485,"column":null}},"type":"binary-expr","locations":[{"start":{"line":484,"column":15},"end":{"line":484,"column":38}},{"start":{"line":485,"column":16},"end":{"line":485,"column":null}}],"line":484},"64":{"loc":{"start":{"line":488,"column":13},"end":{"line":495,"column":null}},"type":"binary-expr","locations":[{"start":{"line":488,"column":13},"end":{"line":488,"column":null}},{"start":{"line":489,"column":14},"end":{"line":495,"column":null}}],"line":488},"65":{"loc":{"start":{"line":507,"column":16},"end":{"line":508,"column":null}},"type":"if","locations":[{"start":{"line":507,"column":16},"end":{"line":508,"column":null}},{"start":{},"end":{}}],"line":507},"66":{"loc":{"start":{"line":515,"column":32},"end":{"line":515,"column":null}},"type":"binary-expr","locations":[{"start":{"line":515,"column":32},"end":{"line":515,"column":49}},{"start":{"line":515,"column":49},"end":{"line":515,"column":null}}],"line":515},"67":{"loc":{"start":{"line":521,"column":13},"end":{"line":526,"column":null}},"type":"cond-expr","locations":[{"start":{"line":522,"column":14},"end":{"line":526,"column":15}},{"start":{"line":526,"column":14},"end":{"line":526,"column":null}}],"line":521},"68":{"loc":{"start":{"line":531,"column":39},"end":{"line":531,"column":null}},"type":"cond-expr","locations":[{"start":{"line":531,"column":58},"end":{"line":531,"column":88}},{"start":{"line":531,"column":88},"end":{"line":531,"column":null}}],"line":531},"69":{"loc":{"start":{"line":546,"column":15},"end":{"line":546,"column":null}},"type":"cond-expr","locations":[{"start":{"line":546,"column":34},"end":{"line":546,"column":55}},{"start":{"line":546,"column":55},"end":{"line":546,"column":null}}],"line":546},"70":{"loc":{"start":{"line":556,"column":9},"end":{"line":556,"column":null}},"type":"cond-expr","locations":[{"start":{"line":556,"column":17},"end":{"line":556,"column":null}},{"start":{"line":556,"column":79},"end":{"line":556,"column":null}}],"line":556},"71":{"loc":{"start":{"line":557,"column":9},"end":{"line":559,"column":null}},"type":"cond-expr","locations":[{"start":{"line":558,"column":10},"end":{"line":559,"column":null}},{"start":{"line":559,"column":12},"end":{"line":559,"column":null}}],"line":557},"72":{"loc":{"start":{"line":568,"column":13},"end":{"line":568,"column":null}},"type":"cond-expr","locations":[{"start":{"line":568,"column":26},"end":{"line":568,"column":40}},{"start":{"line":568,"column":40},"end":{"line":568,"column":null}}],"line":568},"73":{"loc":{"start":{"line":568,"column":40},"end":{"line":568,"column":null}},"type":"cond-expr","locations":[{"start":{"line":568,"column":64},"end":{"line":568,"column":81}},{"start":{"line":568,"column":81},"end":{"line":568,"column":null}}],"line":568},"74":{"loc":{"start":{"line":568,"column":40},"end":{"line":568,"column":64}},"type":"binary-expr","locations":[{"start":{"line":568,"column":40},"end":{"line":568,"column":53}},{"start":{"line":568,"column":53},"end":{"line":568,"column":64}}],"line":568},"75":{"loc":{"start":{"line":571,"column":13},"end":{"line":571,"column":null}},"type":"cond-expr","locations":[{"start":{"line":571,"column":26},"end":{"line":571,"column":44}},{"start":{"line":571,"column":44},"end":{"line":571,"column":null}}],"line":571},"76":{"loc":{"start":{"line":579,"column":15},"end":{"line":579,"column":62}},"type":"binary-expr","locations":[{"start":{"line":579,"column":15},"end":{"line":579,"column":32}},{"start":{"line":579,"column":36},"end":{"line":579,"column":62}}],"line":579},"77":{"loc":{"start":{"line":580,"column":14},"end":{"line":580,"column":87}},"type":"binary-expr","locations":[{"start":{"line":580,"column":14},"end":{"line":580,"column":33}},{"start":{"line":580,"column":37},"end":{"line":580,"column":87}}],"line":580},"78":{"loc":{"start":{"line":582,"column":13},"end":{"line":589,"column":null}},"type":"cond-expr","locations":[{"start":{"line":583,"column":14},"end":{"line":586,"column":null}},{"start":{"line":589,"column":14},"end":{"line":589,"column":null}}],"line":582}},"s":{"0":1,"1":34,"2":34,"3":34,"4":34,"5":34,"6":34,"7":34,"8":34,"9":34,"10":34,"11":34,"12":34,"13":34,"14":34,"15":5,"16":5,"17":5,"18":5,"19":0,"20":0,"21":0,"22":0,"23":0,"24":0,"25":5,"26":34,"27":17,"28":5,"29":12,"30":12,"31":12,"32":12,"33":0,"34":12,"35":12,"36":34,"37":34,"38":34,"39":38,"40":34,"41":34,"42":34,"43":34,"44":5,"45":5,"46":0,"47":0,"48":0,"49":0,"50":0,"51":0,"52":0,"53":0,"54":0,"55":0,"56":0,"57":0,"58":0,"59":0,"60":0,"61":0,"62":0,"63":5,"64":5,"65":5,"66":1,"67":5,"68":5,"69":2,"70":2,"71":2,"72":1,"73":1,"74":1,"75":1,"76":0,"77":0,"78":1,"79":1,"80":0,"81":0,"82":1,"83":1,"84":0,"85":0,"86":1,"87":1,"88":0,"89":0,"90":1,"91":1,"92":1,"93":1,"94":1,"95":1,"96":0,"97":1,"98":1,"99":1,"100":1,"101":0,"102":0,"103":1,"104":0,"105":0,"106":1,"107":1,"108":0,"109":0,"110":1,"111":1,"112":0,"113":0,"114":1,"115":1,"116":1,"117":1,"118":1,"119":1,"120":1,"121":1,"122":1,"123":0,"124":1,"125":1,"126":1,"127":1,"128":0,"129":1,"130":34,"131":6,"132":5,"133":1,"134":0,"135":1,"136":1,"137":34,"138":3,"139":31,"140":0,"141":31,"142":0,"143":31,"144":0,"145":31,"146":217,"147":8,"148":1,"149":1,"150":0,"151":1,"152":1,"153":1,"154":1,"155":1,"156":0,"157":0,"158":1,"159":1,"160":8,"161":93},"f":{"0":34,"1":5,"2":0,"3":17,"4":0,"5":12,"6":38,"7":5,"8":0,"9":0,"10":0,"11":5,"12":5,"13":2,"14":1,"15":6,"16":0,"17":1,"18":217,"19":8,"20":1,"21":1,"22":1,"23":0,"24":0,"25":1,"26":1,"27":8,"28":93},"b":{"0":[0,34],"1":[0,34],"2":[34,34],"3":[0,5],"4":[0,0],"5":[0,0],"6":[5,12],"7":[17,12],"8":[34,0],"9":[34,34],"10":[0,34],"11":[0,34],"12":[23,11],"13":[5,0],"14":[5,5],"15":[0,0],"16":[0,0],"17":[0,0],"18":[0,0],"19":[0,0],"20":[0,0],"21":[0,0],"22":[0,0],"23":[0,0],"24":[0,0],"25":[0,0],"26":[0,0],"27":[0,0],"28":[0,0],"29":[0,0],"30":[0,0],"31":[0,0],"32":[1,4],"33":[1,1],"34":[0,1],"35":[0,1],"36":[0,1],"37":[0,1],"38":[0,1],"39":[0,1],"40":[0,1],"41":[0,1],"42":[0,1],"43":[0,1],"44":[0,1],"45":[1,1],"46":[1,0],"47":[1,1],"48":[1,0],"49":[0,1],"50":[5,1],"51":[3,31],"52":[0,31],"53":[0,31],"54":[0,31],"55":[0,31],"56":[22,9],"57":[0,31],"58":[34,17],"59":[0,31],"60":[34,0],"61":[0,31],"62":[34,23],"63":[34,0],"64":[34,4],"65":[0,1],"66":[1,0],"67":[2,29],"68":[0,31],"69":[0,31],"70":[1,30],"71":[1,30],"72":[2,29],"73":[0,29],"74":[29,0],"75":[2,29],"76":[34,14],"77":[34,23],"78":[4,27]},"meta":{"lastBranch":79,"lastFunction":29,"lastStatement":162,"seen":{"s:19:2:19:Infinity":0,"f:21:24:21:42":0,"s:22:26:26:Infinity":1,"b:23:6:23:Infinity:24:6:26:Infinity":0,"b:25:6:25:Infinity:26:6:26:Infinity":1,"s:27:15:35:4":2,"s:36:18:36:44":3,"s:37:20:37:48":4,"s:38:16:38:40":5,"s:39:20:39:48":6,"s:40:21:40:53":7,"s:41:27:41:65":8,"s:42:25:42:89":9,"b:42:63:42:76:42:76:42:88":2,"s:43:22:43:65":10,"s:44:22:44:55":11,"s:45:37:45:85":12,"s:46:8:46:42":13,"s:48:2:69:Infinity":14,"f:48:2:48:18":1,"s:49:4:49:Infinity":15,"s:51:4:67:Infinity":16,"s:52:23:52:67":17,"b:53:6:61:Infinity:undefined:undefined:undefined:undefined":3,"s:53:6:61:Infinity":18,"s:54:27:54:47":19,"b:55:8:61:Infinity:undefined:undefined:undefined:undefined":4,"s:55:8:61:Infinity":20,"b:55:12:55:26:55:26:55:58":5,"s:56:10:56:Infinity":21,"s:57:10:60:Infinity":22,"f:57:10:57:19":2,"s:57:36:60:13":23,"s:61:10:61:Infinity":24,"s:67:6:67:Infinity":25,"s:71:2:87:Infinity":26,"f:71:2:71:18":3,"b:72:4:73:Infinity:undefined:undefined:undefined:undefined":6,"s:72:4:73:Infinity":27,"b:72:8:72:24:72:24:72:40":7,"s:73:6:73:Infinity":28,"s:76:4:84:Infinity":29,"s:77:6:77:Infinity":30,"s:78:6:78:Infinity":31,"s:79:25:79:86":32,"f:79:32:79:49":4,"s:79:49:79:80":33,"s:81:6:82:Infinity":34,"f:81:6:81:19":5,"s:82:8:82:Infinity":35,"s:89:8:89:39":36,"s:90:20:90:Infinity":37,"b:90:31:90:76:90:76:90:Infinity":8,"s:91:21:94:20":38,"f:93:5:93:10":6,"s:93:18:93:28":39,"s:96:20:96:53":40,"b:96:28:96:41:96:41:96:53":9,"s:97:22:101:Infinity":41,"b:98:6:98:Infinity:99:6:101:Infinity":10,"b:100:6:100:Infinity:101:6:101:Infinity":11,"s:102:27:102:Infinity":42,"b:102:58:102:76:102:76:102:Infinity":12,"s:104:2:155:Infinity":43,"f:104:2:104:18":7,"b:105:4:106:Infinity:undefined:undefined:undefined:undefined":13,"s:105:4:106:Infinity":44,"b:105:8:105:22:105:22:105:36":14,"s:106:6:106:Infinity":45,"f:109:19:109:40":8,"s:110:6:110:Infinity":46,"s:111:6:111:Infinity":47,"s:113:6:150:Infinity":48,"b:114:8:144:Infinity:130:15:144:Infinity":15,"s:114:8:144:Infinity":49,"s:115:23:115:63":50,"s:116:10:116:Infinity":51,"b:118:10:128:Infinity:undefined:undefined:undefined:undefined":16,"s:118:10:128:Infinity":52,"s:119:12:128:Infinity":53,"f:119:12:119:21":9,"s:119:38:128:15":54,"b:121:21:121:41:121:41:121:Infinity":17,"b:122:23:122:45:122:45:122:Infinity":18,"b:123:22:123:43:123:43:123:Infinity":19,"b:124:21:124:40:124:40:124:42":20,"b:125:26:125:51:125:51:125:Infinity":21,"b:126:26:126:51:126:51:126:Infinity":22,"b:127:20:127:43:127:43:127:Infinity":23,"s:131:23:131:67":55,"s:132:10:132:Infinity":56,"b:134:10:144:Infinity:undefined:undefined:undefined:undefined":24,"s:134:10:144:Infinity":57,"s:135:12:144:Infinity":58,"f:135:12:135:21":10,"s:135:38:144:15":59,"b:137:21:137:43:137:43:137:Infinity":25,"b:138:23:138:47:138:47:138:Infinity":26,"b:139:22:139:45:139:45:139:Infinity":27,"b:140:21:140:42:140:42:140:44":28,"b:141:26:141:53:141:53:141:Infinity":29,"b:142:26:142:53:142:53:142:Infinity":30,"b:143:20:143:45:143:45:143:Infinity":31,"s:148:8:148:Infinity":60,"s:150:8:150:Infinity":61,"s:154:4:154:Infinity":62,"f:157:11:157:23":11,"s:158:28:158:Infinity":63,"s:159:21:159:Infinity":64,"b:162:4:163:Infinity:undefined:undefined:undefined:undefined":32,"s:162:4:163:Infinity":65,"s:163:6:163:Infinity":66,"s:166:4:169:Infinity":67,"f:166:4:166:13":12,"s:166:30:169:7":68,"f:172:17:172:31":13,"s:173:4:173:Infinity":69,"s:176:10:176:48":70,"b:177:4:179:Infinity:undefined:undefined:undefined:undefined":33,"s:177:4:179:Infinity":71,"s:178:6:178:Infinity":72,"s:179:6:179:Infinity":73,"s:182:10:182:54":74,"b:183:4:185:Infinity:undefined:undefined:undefined:undefined":34,"s:183:4:185:Infinity":75,"s:184:6:184:Infinity":76,"s:185:6:185:Infinity":77,"s:188:10:188:45":78,"b:189:4:191:Infinity:undefined:undefined:undefined:undefined":35,"s:189:4:191:Infinity":79,"s:190:6:190:Infinity":80,"s:191:6:191:Infinity":81,"s:194:10:194:45":82,"b:195:4:197:Infinity:undefined:undefined:undefined:undefined":36,"s:195:4:197:Infinity":83,"s:196:6:196:Infinity":84,"s:197:6:197:Infinity":85,"s:200:10:200:63":86,"b:201:4:203:Infinity:undefined:undefined:undefined:undefined":37,"s:201:4:203:Infinity":87,"s:202:6:202:Infinity":88,"s:203:6:203:Infinity":89,"s:206:4:206:Infinity":90,"s:207:4:207:Infinity":91,"s:209:4:229:Infinity":92,"s:210:6:219:Infinity":93,"s:221:6:223:Infinity":94,"s:222:8:222:Infinity":95,"s:227:6:227:Infinity":96,"s:229:6:229:Infinity":97,"f:233:17:233:33":14,"s:234:4:234:Infinity":98,"s:237:10:237:48":99,"b:238:4:240:Infinity:undefined:undefined:undefined:undefined":38,"s:238:4:240:Infinity":100,"s:239:6:239:Infinity":101,"s:240:6:240:Infinity":102,"b:244:4:246:Infinity:undefined:undefined:undefined:undefined":39,"s:244:4:246:Infinity":103,"s:245:6:245:Infinity":104,"s:246:6:246:Infinity":105,"s:250:10:250:45":106,"b:251:4:253:Infinity:undefined:undefined:undefined:undefined":40,"s:251:4:253:Infinity":107,"s:252:6:252:Infinity":108,"s:253:6:253:Infinity":109,"s:256:10:256:63":110,"b:257:4:259:Infinity:undefined:undefined:undefined:undefined":41,"s:257:4:259:Infinity":111,"s:258:6:258:Infinity":112,"s:259:6:259:Infinity":113,"s:262:4:262:Infinity":114,"s:263:4:263:Infinity":115,"s:265:4:300:Infinity":116,"s:266:23:270:Infinity":117,"b:267:10:267:Infinity:268:10:270:Infinity":42,"b:269:10:269:Infinity:270:10:270:Infinity":43,"s:271:21:271:Infinity":118,"b:271:44:271:54:271:54:271:Infinity":44,"b:271:21:271:32:271:32:271:44":45,"s:272:19:279:8":119,"b:277:38:277:59:277:62:277:Infinity":46,"b:277:14:277:25:277:25:277:38":47,"b:281:6:282:Infinity:undefined:undefined:undefined:undefined":48,"s:281:6:282:Infinity":120,"s:282:8:282:Infinity":121,"b:285:6:286:Infinity:undefined:undefined:undefined:undefined":49,"s:285:6:286:Infinity":122,"s:286:8:286:Infinity":123,"s:288:6:288:Infinity":124,"s:289:6:289:Infinity":125,"s:292:6:294:Infinity":126,"s:293:8:293:Infinity":127,"s:298:6:298:Infinity":128,"s:300:6:300:Infinity":129,"s:304:2:316:Infinity":130,"f:304:2:304:18":15,"b:305:4:306:Infinity:undefined:undefined:undefined:undefined":50,"s:305:4:306:Infinity":131,"s:306:6:306:Infinity":132,"s:309:18:311:12":133,"f:309:25:309:42":16,"s:310:6:310:Infinity":134,"s:313:4:314:Infinity":135,"f:313:4:313:17":17,"s:314:6:314:Infinity":136,"b:318:2:333:Infinity:undefined:undefined:undefined:undefined":51,"s:318:2:333:Infinity":137,"s:319:4:333:Infinity":138,"b:339:2:354:Infinity:undefined:undefined:undefined:undefined":52,"s:339:2:354:Infinity":139,"s:340:4:354:Infinity":140,"b:360:2:367:Infinity:undefined:undefined:undefined:undefined":53,"s:360:2:367:Infinity":141,"s:361:4:367:Infinity":142,"b:371:2:379:Infinity:undefined:undefined:undefined:undefined":54,"s:371:2:379:Infinity":143,"s:372:4:379:Infinity":144,"s:384:2:612:Infinity":145,"b:390:29:390:43:390:43:390:71":55,"b:394:81:394:87:394:87:394:98":56,"b:411:71:411:81:411:81:411:Infinity":57,"b:414:15:414:40:415:16:415:Infinity":58,"f:423:23:423:28":18,"s:424:16:426:Infinity":146,"b:442:76:442:86:442:86:442:Infinity":59,"b:445:15:445:50:446:16:446:Infinity":60,"b:462:73:462:83:462:83:462:Infinity":61,"b:465:15:465:44:466:16:466:Infinity":62,"b:484:15:484:38:485:16:485:Infinity":63,"b:488:13:488:Infinity:489:14:495:Infinity":64,"f:490:43:490:48":19,"s:491:18:493:Infinity":147,"f:505:24:505:31":20,"s:506:29:506:Infinity":148,"b:507:16:508:Infinity:undefined:undefined:undefined:undefined":65,"s:507:16:508:Infinity":149,"s:508:18:508:Infinity":150,"s:511:31:511:47":151,"s:512:16:516:Infinity":152,"f:512:23:512:38":21,"s:513:18:516:Infinity":153,"f:513:18:513:27":22,"s:513:44:516:21":154,"b:515:32:515:49:515:49:515:Infinity":66,"s:518:16:518:Infinity":155,"b:522:14:526:15:526:14:526:Infinity":67,"b:531:58:531:88:531:88:531:Infinity":68,"f:544:14:544:29":23,"s:544:29:544:67":156,"f:544:29:544:50":24,"s:544:60:544:67":157,"b:546:34:546:55:546:55:546:Infinity":69,"f:550:36:550:47":25,"s:550:57:553:17":158,"f:550:57:550:66":26,"s:550:83:553:17":159,"b:556:17:556:Infinity:556:79:556:Infinity":70,"b:558:10:559:Infinity:559:12:559:Infinity":71,"b:568:26:568:40:568:40:568:Infinity":72,"b:568:64:568:81:568:81:568:Infinity":73,"b:568:40:568:53:568:53:568:64":74,"b:571:26:571:44:571:44:571:Infinity":75,"b:579:15:579:32:579:36:579:62":76,"b:580:14:580:33:580:37:580:87":77,"b:583:14:586:Infinity:589:14:589:Infinity":78,"f:583:25:583:30":27,"s:584:16:586:Infinity":160,"f:597:33:597:38":28,"s:598:14:601:Infinity":161}}}
,"/home/lucky/Documents/innoblog/client/src/pages/LoginPage.jsx": {"path":"/home/lucky/Documents/innoblog/client/src/pages/LoginPage.jsx","statementMap":{"0":{"start":{"line":7,"column":15},"end":{"line":11,"column":4}},"1":{"start":{"line":12,"column":19},"end":{"line":12,"column":46}},"2":{"start":{"line":13,"column":15},"end":{"line":13,"column":45}},"3":{"start":{"line":14,"column":18},"end":{"line":14,"column":47}},"4":{"start":{"line":17,"column":28},"end":{"line":17,"column":null}},"5":{"start":{"line":18,"column":4},"end":{"line":21,"column":null}},"6":{"start":{"line":18,"column":30},"end":{"line":21,"column":7}},"7":{"start":{"line":25,"column":4},"end":{"line":25,"column":null}},"8":{"start":{"line":27,"column":4},"end":{"line":29,"column":null}},"9":{"start":{"line":28,"column":6},"end":{"line":28,"column":null}},"10":{"start":{"line":29,"column":6},"end":{"line":29,"column":null}},"11":{"start":{"line":32,"column":4},"end":{"line":32,"column":null}},"12":{"start":{"line":34,"column":4},"end":{"line":44,"column":null}},"13":{"start":{"line":35,"column":21},"end":{"line":38,"column":8}},"14":{"start":{"line":39,"column":6},"end":{"line":39,"column":null}},"15":{"start":{"line":40,"column":6},"end":{"line":40,"column":null}},"16":{"start":{"line":42,"column":6},"end":{"line":42,"column":null}},"17":{"start":{"line":44,"column":6},"end":{"line":44,"column":null}},"18":{"start":{"line":49,"column":4},"end":{"line":49,"column":null}},"19":{"start":{"line":51,"column":4},"end":{"line":53,"column":null}},"20":{"start":{"line":52,"column":6},"end":{"line":52,"column":null}},"21":{"start":{"line":53,"column":6},"end":{"line":53,"column":null}},"22":{"start":{"line":56,"column":4},"end":{"line":56,"column":null}},"23":{"start":{"line":58,"column":4},"end":{"line":66,"column":null}},"24":{"start":{"line":59,"column":6},"end":{"line":62,"column":null}},"25":{"start":{"line":64,"column":6},"end":{"line":64,"column":null}},"26":{"start":{"line":66,"column":6},"end":{"line":66,"column":null}},"27":{"start":{"line":70,"column":2},"end":{"line":92,"column":null}},"28":{"start":{"line":71,"column":4},"end":{"line":92,"column":null}},"29":{"start":{"line":96,"column":2},"end":{"line":175,"column":null}},"30":{"start":{"line":107,"column":12},"end":{"line":110,"column":null}}},"fnMap":{"0":{"name":"LoginPage","decl":{"start":{"line":6,"column":24},"end":{"line":6,"column":34}},"loc":{"start":{"line":6,"column":74},"end":{"line":175,"column":null}},"line":6},"1":{"name":"handleChange","decl":{"start":{"line":16,"column":11},"end":{"line":16,"column":24}},"loc":{"start":{"line":16,"column":31},"end":{"line":21,"column":null}},"line":16},"2":{"name":"(anonymous_2)","decl":{"start":{"line":18,"column":4},"end":{"line":18,"column":13}},"loc":{"start":{"line":18,"column":30},"end":{"line":21,"column":7}},"line":18},"3":{"name":"handleRequestOtp","decl":{"start":{"line":24,"column":17},"end":{"line":24,"column":34}},"loc":{"start":{"line":24,"column":41},"end":{"line":44,"column":null}},"line":24},"4":{"name":"handleVerifyOtp","decl":{"start":{"line":48,"column":17},"end":{"line":48,"column":33}},"loc":{"start":{"line":48,"column":40},"end":{"line":66,"column":null}},"line":48},"5":{"name":"(anonymous_5)","decl":{"start":{"line":106,"column":25},"end":{"line":106,"column":30}},"loc":{"start":{"line":107,"column":12},"end":{"line":110,"column":null}},"line":107}},"branchMap":{"0":{"loc":{"start":{"line":27,"column":4},"end":{"line":29,"column":null}},"type":"if","locations":[{"start":{"line":27,"column":4},"end":{"line":29,"column":null}},{"start":{},"end":{}}],"line":27},"1":{"loc":{"start":{"line":40,"column":18},"end":{"line":40,"column":66}},"type":"binary-expr","locations":[{"start":{"line":40,"column":18},"end":{"line":40,"column":36}},{"start":{"line":40,"column":36},"end":{"line":40,"column":66}}],"line":40},"2":{"loc":{"start":{"line":51,"column":4},"end":{"line":53,"column":null}},"type":"if","locations":[{"start":{"line":51,"column":4},"end":{"line":53,"column":null}},{"start":{},"end":{}}],"line":51},"3":{"loc":{"start":{"line":70,"column":2},"end":{"line":92,"column":null}},"type":"if","locations":[{"start":{"line":70,"column":2},"end":{"line":92,"column":null}},{"start":{},"end":{}}],"line":70},"4":{"loc":{"start":{"line":75,"column":15},"end":{"line":75,"column":67}},"type":"binary-expr","locations":[{"start":{"line":75,"column":15},"end":{"line":75,"column":52}},{"start":{"line":75,"column":52},"end":{"line":75,"column":67}}],"line":75},"5":{"loc":{"start":{"line":83,"column":20},"end":{"line":83,"column":null}},"type":"cond-expr","locations":[{"start":{"line":83,"column":44},"end":{"line":83,"column":57}},{"start":{"line":83,"column":57},"end":{"line":83,"column":null}}],"line":83},"6":{"loc":{"start":{"line":85,"column":15},"end":{"line":85,"column":null}},"type":"cond-expr","locations":[{"start":{"line":85,"column":39},"end":{"line":85,"column":58}},{"start":{"line":85,"column":58},"end":{"line":85,"column":null}}],"line":85},"7":{"loc":{"start":{"line":117,"column":18},"end":{"line":117,"column":null}},"type":"cond-expr","locations":[{"start":{"line":117,"column":39},"end":{"line":117,"column":58}},{"start":{"line":117,"column":58},"end":{"line":117,"column":null}}],"line":117},"8":{"loc":{"start":{"line":144,"column":9},"end":{"line":156,"column":null}},"type":"cond-expr","locations":[{"start":{"line":145,"column":10},"end":{"line":156,"column":null}},{"start":{"line":156,"column":12},"end":{"line":156,"column":null}}],"line":144},"9":{"loc":{"start":{"line":158,"column":9},"end":{"line":158,"column":null}},"type":"cond-expr","locations":[{"start":{"line":158,"column":20},"end":{"line":158,"column":null}},{"start":{"line":158,"column":85},"end":{"line":158,"column":null}}],"line":158},"10":{"loc":{"start":{"line":161,"column":11},"end":{"line":168,"column":null}},"type":"cond-expr","locations":[{"start":{"line":162,"column":12},"end":{"line":165,"column":23}},{"start":{"line":165,"column":14},"end":{"line":168,"column":null}}],"line":161},"11":{"loc":{"start":{"line":165,"column":14},"end":{"line":168,"column":null}},"type":"cond-expr","locations":[{"start":{"line":166,"column":12},"end":{"line":166,"column":null}},{"start":{"line":168,"column":12},"end":{"line":168,"column":null}}],"line":165}},"s":{"0":67,"1":67,"2":67,"3":67,"4":54,"5":54,"6":54,"7":4,"8":4,"9":1,"10":1,"11":3,"12":3,"13":3,"14":2,"15":2,"16":1,"17":3,"18":1,"19":1,"20":0,"21":0,"22":1,"23":1,"24":1,"25":0,"26":1,"27":67,"28":0,"29":67,"30":201},"f":{"0":67,"1":54,"2":54,"3":4,"4":1,"5":201},"b":{"0":[1,3],"1":[2,0],"2":[0,1],"3":[0,67],"4":[0,0],"5":[0,0],"6":[0,0],"7":[57,10],"8":[10,57],"9":[12,55],"10":[4,63],"11":[54,9]},"meta":{"lastBranch":12,"lastFunction":6,"lastStatement":31,"seen":{"f:6:24:6:34":0,"s:7:15:11:4":0,"s:12:19:12:46":1,"s:13:15:13:45":2,"s:14:18:14:47":3,"f:16:11:16:24":1,"s:17:28:17:Infinity":4,"s:18:4:21:Infinity":5,"f:18:4:18:13":2,"s:18:30:21:7":6,"f:24:17:24:34":3,"s:25:4:25:Infinity":7,"b:27:4:29:Infinity:undefined:undefined:undefined:undefined":0,"s:27:4:29:Infinity":8,"s:28:6:28:Infinity":9,"s:29:6:29:Infinity":10,"s:32:4:32:Infinity":11,"s:34:4:44:Infinity":12,"s:35:21:38:8":13,"s:39:6:39:Infinity":14,"s:40:6:40:Infinity":15,"b:40:18:40:36:40:36:40:66":1,"s:42:6:42:Infinity":16,"s:44:6:44:Infinity":17,"f:48:17:48:33":4,"s:49:4:49:Infinity":18,"b:51:4:53:Infinity:undefined:undefined:undefined:undefined":2,"s:51:4:53:Infinity":19,"s:52:6:52:Infinity":20,"s:53:6:53:Infinity":21,"s:56:4:56:Infinity":22,"s:58:4:66:Infinity":23,"s:59:6:62:Infinity":24,"s:64:6:64:Infinity":25,"s:66:6:66:Infinity":26,"b:70:2:92:Infinity:undefined:undefined:undefined:undefined":3,"s:70:2:92:Infinity":27,"s:71:4:92:Infinity":28,"b:75:15:75:52:75:52:75:67":4,"b:83:44:83:57:83:57:83:Infinity":5,"b:85:39:85:58:85:58:85:Infinity":6,"s:96:2:175:Infinity":29,"f:106:25:106:30":5,"s:107:12:110:Infinity":30,"b:117:39:117:58:117:58:117:Infinity":7,"b:145:10:156:Infinity:156:12:156:Infinity":8,"b:158:20:158:Infinity:158:85:158:Infinity":9,"b:162:12:165:23:165:14:168:Infinity":10,"b:166:12:166:Infinity:168:12:168:Infinity":11}}}
,"/home/lucky/Documents/innoblog/client/src/utils/articleUtils.js": {"path":"/home/lucky/Documents/innoblog/client/src/utils/articleUtils.js","statementMap":{"0":{"start":{"line":2,"column":15},"end":{"line":6,"column":28}},"1":{"start":{"line":8,"column":2},"end":{"line":8,"column":null}},"2":{"start":{"line":12,"column":2},"end":{"line":12,"column":null}},"3":{"start":{"line":16,"column":16},"end":{"line":16,"column":null}},"4":{"start":{"line":17,"column":18},"end":{"line":17,"column":53}},"5":{"start":{"line":18,"column":2},"end":{"line":18,"column":null}},"6":{"start":{"line":22,"column":2},"end":{"line":23,"column":null}},"7":{"start":{"line":23,"column":4},"end":{"line":23,"column":null}},"8":{"start":{"line":26,"column":21},"end":{"line":26,"column":36}},"9":{"start":{"line":27,"column":2},"end":{"line":27,"column":null}},"10":{"start":{"line":31,"column":21},"end":{"line":31,"column":39}},"11":{"start":{"line":33,"column":2},"end":{"line":34,"column":null}},"12":{"start":{"line":34,"column":4},"end":{"line":34,"column":null}},"13":{"start":{"line":37,"column":2},"end":{"line":41,"column":null}},"14":{"start":{"line":45,"column":21},"end":{"line":45,"column":39}},"15":{"start":{"line":47,"column":2},"end":{"line":48,"column":null}},"16":{"start":{"line":48,"column":4},"end":{"line":48,"column":null}},"17":{"start":{"line":51,"column":2},"end":{"line":55,"column":null}},"18":{"start":{"line":59,"column":2},"end":{"line":64,"column":null}},"19":{"start":{"line":63,"column":19},"end":{"line":63,"column":48}},"20":{"start":{"line":68,"column":2},"end":{"line":68,"column":null}},"21":{"start":{"line":72,"column":2},"end":{"line":72,"column":null}},"22":{"start":{"line":76,"column":2},"end":{"line":77,"column":null}},"23":{"start":{"line":77,"column":4},"end":{"line":77,"column":null}},"24":{"start":{"line":80,"column":2},"end":{"line":80,"column":null}}},"fnMap":{"0":{"name":"slugify","decl":{"start":{"line":1,"column":16},"end":{"line":1,"column":24}},"loc":{"start":{"line":1,"column":31},"end":{"line":8,"column":null}},"line":1},"1":{"name":"stripHtml","decl":{"start":{"line":11,"column":16},"end":{"line":11,"column":26}},"loc":{"start":{"line":11,"column":38},"end":{"line":12,"column":null}},"line":11},"2":{"name":"estimateReadTime","decl":{"start":{"line":15,"column":16},"end":{"line":15,"column":33}},"loc":{"start":{"line":15,"column":44},"end":{"line":18,"column":null}},"line":15},"3":{"name":"toValidDate","decl":{"start":{"line":21,"column":9},"end":{"line":21,"column":21}},"loc":{"start":{"line":21,"column":28},"end":{"line":27,"column":null}},"line":21},"4":{"name":"formatShortDate","decl":{"start":{"line":30,"column":16},"end":{"line":30,"column":32}},"loc":{"start":{"line":30,"column":70},"end":{"line":41,"column":null}},"line":30},"5":{"name":"formatLongDate","decl":{"start":{"line":44,"column":16},"end":{"line":44,"column":31}},"loc":{"start":{"line":44,"column":69},"end":{"line":55,"column":null}},"line":44},"6":{"name":"getInitials","decl":{"start":{"line":58,"column":16},"end":{"line":58,"column":28}},"loc":{"start":{"line":58,"column":39},"end":{"line":64,"column":null}},"line":58},"7":{"name":"(anonymous_7)","decl":{"start":{"line":63,"column":5},"end":{"line":63,"column":10}},"loc":{"start":{"line":63,"column":19},"end":{"line":63,"column":48}},"line":63},"8":{"name":"getDisplayName","decl":{"start":{"line":67,"column":16},"end":{"line":67,"column":31}},"loc":{"start":{"line":67,"column":37},"end":{"line":68,"column":null}},"line":67},"9":{"name":"getHeadline","decl":{"start":{"line":71,"column":16},"end":{"line":71,"column":28}},"loc":{"start":{"line":71,"column":34},"end":{"line":72,"column":null}},"line":71},"10":{"name":"withProtocol","decl":{"start":{"line":75,"column":16},"end":{"line":75,"column":29}},"loc":{"start":{"line":75,"column":39},"end":{"line":80,"column":null}},"line":75}},"branchMap":{"0":{"loc":{"start":{"line":8,"column":9},"end":{"line":8,"column":null}},"type":"binary-expr","locations":[{"start":{"line":8,"column":9},"end":{"line":8,"column":17}},{"start":{"line":8,"column":17},"end":{"line":8,"column":null}}],"line":8},"1":{"loc":{"start":{"line":11,"column":26},"end":{"line":11,"column":38}},"type":"default-arg","locations":[{"start":{"line":11,"column":34},"end":{"line":11,"column":38}}],"line":11},"2":{"loc":{"start":{"line":15,"column":33},"end":{"line":15,"column":44}},"type":"default-arg","locations":[{"start":{"line":15,"column":40},"end":{"line":15,"column":44}}],"line":15},"3":{"loc":{"start":{"line":22,"column":2},"end":{"line":23,"column":null}},"type":"if","locations":[{"start":{"line":22,"column":2},"end":{"line":23,"column":null}},{"start":{},"end":{}}],"line":22},"4":{"loc":{"start":{"line":27,"column":9},"end":{"line":27,"column":null}},"type":"cond-expr","locations":[{"start":{"line":27,"column":46},"end":{"line":27,"column":53}},{"start":{"line":27,"column":53},"end":{"line":27,"column":null}}],"line":27},"5":{"loc":{"start":{"line":30,"column":39},"end":{"line":30,"column":70}},"type":"default-arg","locations":[{"start":{"line":30,"column":50},"end":{"line":30,"column":70}}],"line":30},"6":{"loc":{"start":{"line":33,"column":2},"end":{"line":34,"column":null}},"type":"if","locations":[{"start":{"line":33,"column":2},"end":{"line":34,"column":null}},{"start":{},"end":{}}],"line":33},"7":{"loc":{"start":{"line":44,"column":38},"end":{"line":44,"column":69}},"type":"default-arg","locations":[{"start":{"line":44,"column":49},"end":{"line":44,"column":69}}],"line":44},"8":{"loc":{"start":{"line":47,"column":2},"end":{"line":48,"column":null}},"type":"if","locations":[{"start":{"line":47,"column":2},"end":{"line":48,"column":null}},{"start":{},"end":{}}],"line":47},"9":{"loc":{"start":{"line":58,"column":28},"end":{"line":58,"column":39}},"type":"default-arg","locations":[{"start":{"line":58,"column":35},"end":{"line":58,"column":39}}],"line":58},"10":{"loc":{"start":{"line":63,"column":19},"end":{"line":63,"column":48}},"type":"binary-expr","locations":[{"start":{"line":63,"column":19},"end":{"line":63,"column":41}},{"start":{"line":63,"column":45},"end":{"line":63,"column":48}}],"line":63},"11":{"loc":{"start":{"line":68,"column":9},"end":{"line":68,"column":null}},"type":"binary-expr","locations":[{"start":{"line":68,"column":9},"end":{"line":68,"column":39}},{"start":{"line":68,"column":39},"end":{"line":68,"column":60}},{"start":{"line":68,"column":60},"end":{"line":68,"column":null}}],"line":68},"12":{"loc":{"start":{"line":72,"column":9},"end":{"line":72,"column":null}},"type":"binary-expr","locations":[{"start":{"line":72,"column":9},"end":{"line":72,"column":36}},{"start":{"line":72,"column":36},"end":{"line":72,"column":54}},{"start":{"line":72,"column":54},"end":{"line":72,"column":68}},{"start":{"line":72,"column":68},"end":{"line":72,"column":null}}],"line":72},"13":{"loc":{"start":{"line":75,"column":29},"end":{"line":75,"column":39}},"type":"default-arg","locations":[{"start":{"line":75,"column":35},"end":{"line":75,"column":39}}],"line":75},"14":{"loc":{"start":{"line":76,"column":2},"end":{"line":77,"column":null}},"type":"if","locations":[{"start":{"line":76,"column":2},"end":{"line":77,"column":null}},{"start":{},"end":{}}],"line":76},"15":{"loc":{"start":{"line":80,"column":9},"end":{"line":80,"column":null}},"type":"cond-expr","locations":[{"start":{"line":80,"column":37},"end":{"line":80,"column":43}},{"start":{"line":80,"column":43},"end":{"line":80,"column":null}}],"line":80}},"s":{"0":2,"1":2,"2":68,"3":33,"4":33,"5":33,"6":4,"7":1,"8":3,"9":3,"10":2,"11":2,"12":1,"13":1,"14":2,"15":2,"16":1,"17":1,"18":2,"19":3,"20":3,"21":4,"22":4,"23":1,"24":3},"f":{"0":2,"1":68,"2":33,"3":4,"4":2,"5":2,"6":2,"7":3,"8":3,"9":4,"10":4},"b":{"0":[2,1],"1":[68],"2":[33],"3":[1,3],"4":[1,2],"5":[2],"6":[1,1],"7":[2],"8":[1,1],"9":[2],"10":[3,0],"11":[3,2,1],"12":[4,3,2,1],"13":[4],"14":[1,3],"15":[2,1]},"meta":{"lastBranch":16,"lastFunction":11,"lastStatement":25,"seen":{"f:1:16:1:24":0,"s:2:15:6:28":0,"s:8:2:8:Infinity":1,"b:8:9:8:17:8:17:8:Infinity":0,"f:11:16:11:26":1,"b:11:34:11:38":1,"s:12:2:12:Infinity":2,"f:15:16:15:33":2,"b:15:40:15:44":2,"s:16:16:16:Infinity":3,"s:17:18:17:53":4,"s:18:2:18:Infinity":5,"f:21:9:21:21":3,"b:22:2:23:Infinity:undefined:undefined:undefined:undefined":3,"s:22:2:23:Infinity":6,"s:23:4:23:Infinity":7,"s:26:21:26:36":8,"s:27:2:27:Infinity":9,"b:27:46:27:53:27:53:27:Infinity":4,"f:30:16:30:32":4,"b:30:50:30:70":5,"s:31:21:31:39":10,"b:33:2:34:Infinity:undefined:undefined:undefined:undefined":6,"s:33:2:34:Infinity":11,"s:34:4:34:Infinity":12,"s:37:2:41:Infinity":13,"f:44:16:44:31":5,"b:44:49:44:69":7,"s:45:21:45:39":14,"b:47:2:48:Infinity:undefined:undefined:undefined:undefined":8,"s:47:2:48:Infinity":15,"s:48:4:48:Infinity":16,"s:51:2:55:Infinity":17,"f:58:16:58:28":6,"b:58:35:58:39":9,"s:59:2:64:Infinity":18,"f:63:5:63:10":7,"s:63:19:63:48":19,"b:63:19:63:41:63:45:63:48":10,"f:67:16:67:31":8,"s:68:2:68:Infinity":20,"b:68:9:68:39:68:39:68:60:68:60:68:Infinity":11,"f:71:16:71:28":9,"s:72:2:72:Infinity":21,"b:72:9:72:36:72:36:72:54:72:54:72:68:72:68:72:Infinity":12,"f:75:16:75:29":10,"b:75:35:75:39":13,"b:76:2:77:Infinity:undefined:undefined:undefined:undefined":14,"s:76:2:77:Infinity":22,"s:77:4:77:Infinity":23,"s:80:2:80:Infinity":24,"b:80:37:80:43:80:43:80:Infinity":15}}}
,"/home/lucky/Documents/innoblog/client/src/utils/validations.js": {"path":"/home/lucky/Documents/innoblog/client/src/utils/validations.js","statementMap":{"0":{"start":{"line":5,"column":28},"end":{"line":23,"column":null}},"1":{"start":{"line":26,"column":2},"end":{"line":27,"column":null}},"2":{"start":{"line":27,"column":4},"end":{"line":27,"column":null}},"3":{"start":{"line":29,"column":2},"end":{"line":30,"column":null}},"4":{"start":{"line":30,"column":4},"end":{"line":30,"column":null}},"5":{"start":{"line":32,"column":2},"end":{"line":33,"column":null}},"6":{"start":{"line":33,"column":4},"end":{"line":33,"column":null}},"7":{"start":{"line":35,"column":2},"end":{"line":35,"column":null}},"8":{"start":{"line":39,"column":2},"end":{"line":40,"column":null}},"9":{"start":{"line":40,"column":4},"end":{"line":40,"column":null}},"10":{"start":{"line":42,"column":2},"end":{"line":43,"column":null}},"11":{"start":{"line":43,"column":4},"end":{"line":43,"column":null}},"12":{"start":{"line":45,"column":2},"end":{"line":46,"column":null}},"13":{"start":{"line":46,"column":4},"end":{"line":46,"column":null}},"14":{"start":{"line":48,"column":2},"end":{"line":48,"column":null}},"15":{"start":{"line":52,"column":2},"end":{"line":53,"column":null}},"16":{"start":{"line":53,"column":4},"end":{"line":53,"column":null}},"17":{"start":{"line":55,"column":2},"end":{"line":55,"column":null}},"18":{"start":{"line":59,"column":20},"end":{"line":61,"column":11}},"19":{"start":{"line":63,"column":2},"end":{"line":64,"column":null}},"20":{"start":{"line":64,"column":4},"end":{"line":64,"column":null}},"21":{"start":{"line":66,"column":2},"end":{"line":66,"column":null}},"22":{"start":{"line":70,"column":2},"end":{"line":71,"column":null}},"23":{"start":{"line":71,"column":4},"end":{"line":71,"column":null}},"24":{"start":{"line":74,"column":15},"end":{"line":77,"column":20}},"25":{"start":{"line":76,"column":18},"end":{"line":76,"column":28}},"26":{"start":{"line":80,"column":2},"end":{"line":81,"column":null}},"27":{"start":{"line":81,"column":4},"end":{"line":81,"column":null}},"28":{"start":{"line":85,"column":2},"end":{"line":87,"column":null}},"29":{"start":{"line":86,"column":4},"end":{"line":87,"column":null}},"30":{"start":{"line":87,"column":6},"end":{"line":87,"column":null}},"31":{"start":{"line":91,"column":2},"end":{"line":91,"column":null}},"32":{"start":{"line":95,"column":2},"end":{"line":96,"column":null}},"33":{"start":{"line":96,"column":4},"end":{"line":96,"column":null}},"34":{"start":{"line":98,"column":2},"end":{"line":99,"column":null}},"35":{"start":{"line":99,"column":4},"end":{"line":99,"column":null}},"36":{"start":{"line":101,"column":2},"end":{"line":101,"column":null}},"37":{"start":{"line":105,"column":2},"end":{"line":106,"column":null}},"38":{"start":{"line":106,"column":4},"end":{"line":106,"column":null}},"39":{"start":{"line":108,"column":2},"end":{"line":109,"column":null}},"40":{"start":{"line":109,"column":4},"end":{"line":109,"column":null}},"41":{"start":{"line":111,"column":2},"end":{"line":112,"column":null}},"42":{"start":{"line":112,"column":4},"end":{"line":112,"column":null}},"43":{"start":{"line":114,"column":2},"end":{"line":114,"column":null}},"44":{"start":{"line":118,"column":2},"end":{"line":119,"column":null}},"45":{"start":{"line":119,"column":4},"end":{"line":119,"column":null}},"46":{"start":{"line":121,"column":2},"end":{"line":121,"column":null}},"47":{"start":{"line":125,"column":2},"end":{"line":126,"column":null}},"48":{"start":{"line":126,"column":4},"end":{"line":126,"column":null}},"49":{"start":{"line":128,"column":2},"end":{"line":129,"column":null}},"50":{"start":{"line":129,"column":4},"end":{"line":129,"column":null}},"51":{"start":{"line":131,"column":2},"end":{"line":132,"column":null}},"52":{"start":{"line":132,"column":4},"end":{"line":132,"column":null}},"53":{"start":{"line":134,"column":2},"end":{"line":135,"column":null}},"54":{"start":{"line":135,"column":4},"end":{"line":135,"column":null}},"55":{"start":{"line":137,"column":2},"end":{"line":137,"column":null}},"56":{"start":{"line":146,"column":2},"end":{"line":146,"column":null}},"57":{"start":{"line":153,"column":2},"end":{"line":156,"column":null}},"58":{"start":{"line":155,"column":18},"end":{"line":155,"column":28}}},"fnMap":{"0":{"name":"validateTitle","decl":{"start":{"line":25,"column":16},"end":{"line":25,"column":30}},"loc":{"start":{"line":25,"column":37},"end":{"line":35,"column":null}},"line":25},"1":{"name":"validateSummary","decl":{"start":{"line":38,"column":16},"end":{"line":38,"column":32}},"loc":{"start":{"line":38,"column":41},"end":{"line":48,"column":null}},"line":38},"2":{"name":"validateCoverLabel","decl":{"start":{"line":51,"column":16},"end":{"line":51,"column":35}},"loc":{"start":{"line":51,"column":47},"end":{"line":55,"column":null}},"line":51},"3":{"name":"validateBody","decl":{"start":{"line":58,"column":16},"end":{"line":58,"column":29}},"loc":{"start":{"line":58,"column":35},"end":{"line":66,"column":null}},"line":58},"4":{"name":"validateTags","decl":{"start":{"line":69,"column":16},"end":{"line":69,"column":29}},"loc":{"start":{"line":69,"column":41},"end":{"line":91,"column":null}},"line":69},"5":{"name":"(anonymous_5)","decl":{"start":{"line":76,"column":5},"end":{"line":76,"column":10}},"loc":{"start":{"line":76,"column":18},"end":{"line":76,"column":28}},"line":76},"6":{"name":"validateComment","decl":{"start":{"line":94,"column":16},"end":{"line":94,"column":32}},"loc":{"start":{"line":94,"column":38},"end":{"line":101,"column":null}},"line":94},"7":{"name":"validateName","decl":{"start":{"line":104,"column":16},"end":{"line":104,"column":29}},"loc":{"start":{"line":104,"column":35},"end":{"line":114,"column":null}},"line":104},"8":{"name":"validateBio","decl":{"start":{"line":117,"column":16},"end":{"line":117,"column":28}},"loc":{"start":{"line":117,"column":33},"end":{"line":121,"column":null}},"line":117},"9":{"name":"validateHandle","decl":{"start":{"line":124,"column":16},"end":{"line":124,"column":31}},"loc":{"start":{"line":124,"column":39},"end":{"line":137,"column":null}},"line":124},"10":{"name":"sanitizeTags","decl":{"start":{"line":143,"column":16},"end":{"line":143,"column":29}},"loc":{"start":{"line":143,"column":41},"end":{"line":146,"column":null}},"line":143},"11":{"name":"getTagsPreview","decl":{"start":{"line":152,"column":16},"end":{"line":152,"column":31}},"loc":{"start":{"line":152,"column":43},"end":{"line":156,"column":null}},"line":152},"12":{"name":"(anonymous_12)","decl":{"start":{"line":155,"column":5},"end":{"line":155,"column":10}},"loc":{"start":{"line":155,"column":18},"end":{"line":155,"column":28}},"line":155}},"branchMap":{"0":{"loc":{"start":{"line":26,"column":2},"end":{"line":27,"column":null}},"type":"if","locations":[{"start":{"line":26,"column":2},"end":{"line":27,"column":null}},{"start":{},"end":{}}],"line":26},"1":{"loc":{"start":{"line":26,"column":6},"end":{"line":26,"column":29}},"type":"binary-expr","locations":[{"start":{"line":26,"column":6},"end":{"line":26,"column":16}},{"start":{"line":26,"column":16},"end":{"line":26,"column":29}}],"line":26},"2":{"loc":{"start":{"line":29,"column":2},"end":{"line":30,"column":null}},"type":"if","locations":[{"start":{"line":29,"column":2},"end":{"line":30,"column":null}},{"start":{},"end":{}}],"line":29},"3":{"loc":{"start":{"line":32,"column":2},"end":{"line":33,"column":null}},"type":"if","locations":[{"start":{"line":32,"column":2},"end":{"line":33,"column":null}},{"start":{},"end":{}}],"line":32},"4":{"loc":{"start":{"line":39,"column":2},"end":{"line":40,"column":null}},"type":"if","locations":[{"start":{"line":39,"column":2},"end":{"line":40,"column":null}},{"start":{},"end":{}}],"line":39},"5":{"loc":{"start":{"line":39,"column":6},"end":{"line":39,"column":33}},"type":"binary-expr","locations":[{"start":{"line":39,"column":6},"end":{"line":39,"column":18}},{"start":{"line":39,"column":18},"end":{"line":39,"column":33}}],"line":39},"6":{"loc":{"start":{"line":42,"column":2},"end":{"line":43,"column":null}},"type":"if","locations":[{"start":{"line":42,"column":2},"end":{"line":43,"column":null}},{"start":{},"end":{}}],"line":42},"7":{"loc":{"start":{"line":45,"column":2},"end":{"line":46,"column":null}},"type":"if","locations":[{"start":{"line":45,"column":2},"end":{"line":46,"column":null}},{"start":{},"end":{}}],"line":45},"8":{"loc":{"start":{"line":52,"column":2},"end":{"line":53,"column":null}},"type":"if","locations":[{"start":{"line":52,"column":2},"end":{"line":53,"column":null}},{"start":{},"end":{}}],"line":52},"9":{"loc":{"start":{"line":52,"column":6},"end":{"line":52,"column":69}},"type":"binary-expr","locations":[{"start":{"line":52,"column":6},"end":{"line":52,"column":20}},{"start":{"line":52,"column":20},"end":{"line":52,"column":69}}],"line":52},"10":{"loc":{"start":{"line":63,"column":2},"end":{"line":64,"column":null}},"type":"if","locations":[{"start":{"line":63,"column":2},"end":{"line":64,"column":null}},{"start":{},"end":{}}],"line":63},"11":{"loc":{"start":{"line":63,"column":6},"end":{"line":63,"column":62}},"type":"binary-expr","locations":[{"start":{"line":63,"column":6},"end":{"line":63,"column":20}},{"start":{"line":63,"column":20},"end":{"line":63,"column":62}}],"line":63},"12":{"loc":{"start":{"line":70,"column":2},"end":{"line":71,"column":null}},"type":"if","locations":[{"start":{"line":70,"column":2},"end":{"line":71,"column":null}},{"start":{},"end":{}}],"line":70},"13":{"loc":{"start":{"line":70,"column":6},"end":{"line":70,"column":39}},"type":"binary-expr","locations":[{"start":{"line":70,"column":6},"end":{"line":70,"column":21}},{"start":{"line":70,"column":21},"end":{"line":70,"column":39}}],"line":70},"14":{"loc":{"start":{"line":80,"column":2},"end":{"line":81,"column":null}},"type":"if","locations":[{"start":{"line":80,"column":2},"end":{"line":81,"column":null}},{"start":{},"end":{}}],"line":80},"15":{"loc":{"start":{"line":86,"column":4},"end":{"line":87,"column":null}},"type":"if","locations":[{"start":{"line":86,"column":4},"end":{"line":87,"column":null}},{"start":{},"end":{}}],"line":86},"16":{"loc":{"start":{"line":95,"column":2},"end":{"line":96,"column":null}},"type":"if","locations":[{"start":{"line":95,"column":2},"end":{"line":96,"column":null}},{"start":{},"end":{}}],"line":95},"17":{"loc":{"start":{"line":95,"column":6},"end":{"line":95,"column":27}},"type":"binary-expr","locations":[{"start":{"line":95,"column":6},"end":{"line":95,"column":15}},{"start":{"line":95,"column":15},"end":{"line":95,"column":27}}],"line":95},"18":{"loc":{"start":{"line":98,"column":2},"end":{"line":99,"column":null}},"type":"if","locations":[{"start":{"line":98,"column":2},"end":{"line":99,"column":null}},{"start":{},"end":{}}],"line":98},"19":{"loc":{"start":{"line":105,"column":2},"end":{"line":106,"column":null}},"type":"if","locations":[{"start":{"line":105,"column":2},"end":{"line":106,"column":null}},{"start":{},"end":{}}],"line":105},"20":{"loc":{"start":{"line":105,"column":6},"end":{"line":105,"column":27}},"type":"binary-expr","locations":[{"start":{"line":105,"column":6},"end":{"line":105,"column":15}},{"start":{"line":105,"column":15},"end":{"line":105,"column":27}}],"line":105},"21":{"loc":{"start":{"line":108,"column":2},"end":{"line":109,"column":null}},"type":"if","locations":[{"start":{"line":108,"column":2},"end":{"line":109,"column":null}},{"start":{},"end":{}}],"line":108},"22":{"loc":{"start":{"line":111,"column":2},"end":{"line":112,"column":null}},"type":"if","locations":[{"start":{"line":111,"column":2},"end":{"line":112,"column":null}},{"start":{},"end":{}}],"line":111},"23":{"loc":{"start":{"line":118,"column":2},"end":{"line":119,"column":null}},"type":"if","locations":[{"start":{"line":118,"column":2},"end":{"line":119,"column":null}},{"start":{},"end":{}}],"line":118},"24":{"loc":{"start":{"line":118,"column":6},"end":{"line":118,"column":48}},"type":"binary-expr","locations":[{"start":{"line":118,"column":6},"end":{"line":118,"column":13}},{"start":{"line":118,"column":13},"end":{"line":118,"column":48}}],"line":118},"25":{"loc":{"start":{"line":125,"column":2},"end":{"line":126,"column":null}},"type":"if","locations":[{"start":{"line":125,"column":2},"end":{"line":126,"column":null}},{"start":{},"end":{}}],"line":125},"26":{"loc":{"start":{"line":125,"column":6},"end":{"line":125,"column":31}},"type":"binary-expr","locations":[{"start":{"line":125,"column":6},"end":{"line":125,"column":17}},{"start":{"line":125,"column":17},"end":{"line":125,"column":31}}],"line":125},"27":{"loc":{"start":{"line":128,"column":2},"end":{"line":129,"column":null}},"type":"if","locations":[{"start":{"line":128,"column":2},"end":{"line":129,"column":null}},{"start":{},"end":{}}],"line":128},"28":{"loc":{"start":{"line":131,"column":2},"end":{"line":132,"column":null}},"type":"if","locations":[{"start":{"line":131,"column":2},"end":{"line":132,"column":null}},{"start":{},"end":{}}],"line":131},"29":{"loc":{"start":{"line":134,"column":2},"end":{"line":135,"column":null}},"type":"if","locations":[{"start":{"line":134,"column":2},"end":{"line":135,"column":null}},{"start":{},"end":{}}],"line":134}},"s":{"0":2,"1":53,"2":28,"3":25,"4":8,"5":17,"6":0,"7":17,"8":57,"9":46,"10":11,"11":1,"12":10,"13":0,"14":10,"15":33,"16":0,"17":33,"18":3,"19":3,"20":1,"21":2,"22":36,"23":28,"24":8,"25":19,"26":8,"27":1,"28":7,"29":13,"30":1,"31":6,"32":2,"33":1,"34":1,"35":0,"36":1,"37":2,"38":0,"39":2,"40":1,"41":1,"42":0,"43":1,"44":2,"45":1,"46":1,"47":2,"48":0,"49":2,"50":0,"51":2,"52":0,"53":2,"54":1,"55":1,"56":2,"57":69,"58":84},"f":{"0":53,"1":57,"2":33,"3":3,"4":36,"5":19,"6":2,"7":2,"8":2,"9":2,"10":2,"11":69,"12":84},"b":{"0":[28,25],"1":[53,25],"2":[8,17],"3":[0,17],"4":[46,11],"5":[57,11],"6":[1,10],"7":[0,10],"8":[0,33],"9":[33,0],"10":[1,2],"11":[3,3],"12":[28,8],"13":[36,8],"14":[1,7],"15":[1,12],"16":[1,1],"17":[2,1],"18":[0,1],"19":[0,2],"20":[2,2],"21":[1,1],"22":[0,1],"23":[1,1],"24":[2,2],"25":[0,2],"26":[2,2],"27":[0,2],"28":[0,2],"29":[1,1]},"meta":{"lastBranch":30,"lastFunction":13,"lastStatement":59,"seen":{"s:5:28:23:Infinity":0,"f:25:16:25:30":0,"b:26:2:27:Infinity:undefined:undefined:undefined:undefined":0,"s:26:2:27:Infinity":1,"b:26:6:26:16:26:16:26:29":1,"s:27:4:27:Infinity":2,"b:29:2:30:Infinity:undefined:undefined:undefined:undefined":2,"s:29:2:30:Infinity":3,"s:30:4:30:Infinity":4,"b:32:2:33:Infinity:undefined:undefined:undefined:undefined":3,"s:32:2:33:Infinity":5,"s:33:4:33:Infinity":6,"s:35:2:35:Infinity":7,"f:38:16:38:32":1,"b:39:2:40:Infinity:undefined:undefined:undefined:undefined":4,"s:39:2:40:Infinity":8,"b:39:6:39:18:39:18:39:33":5,"s:40:4:40:Infinity":9,"b:42:2:43:Infinity:undefined:undefined:undefined:undefined":6,"s:42:2:43:Infinity":10,"s:43:4:43:Infinity":11,"b:45:2:46:Infinity:undefined:undefined:undefined:undefined":7,"s:45:2:46:Infinity":12,"s:46:4:46:Infinity":13,"s:48:2:48:Infinity":14,"f:51:16:51:35":2,"b:52:2:53:Infinity:undefined:undefined:undefined:undefined":8,"s:52:2:53:Infinity":15,"b:52:6:52:20:52:20:52:69":9,"s:53:4:53:Infinity":16,"s:55:2:55:Infinity":17,"f:58:16:58:29":3,"s:59:20:61:11":18,"b:63:2:64:Infinity:undefined:undefined:undefined:undefined":10,"s:63:2:64:Infinity":19,"b:63:6:63:20:63:20:63:62":11,"s:64:4:64:Infinity":20,"s:66:2:66:Infinity":21,"f:69:16:69:29":4,"b:70:2:71:Infinity:undefined:undefined:undefined:undefined":12,"s:70:2:71:Infinity":22,"b:70:6:70:21:70:21:70:39":13,"s:71:4:71:Infinity":23,"s:74:15:77:20":24,"f:76:5:76:10":5,"s:76:18:76:28":25,"b:80:2:81:Infinity:undefined:undefined:undefined:undefined":14,"s:80:2:81:Infinity":26,"s:81:4:81:Infinity":27,"s:85:2:87:Infinity":28,"b:86:4:87:Infinity:undefined:undefined:undefined:undefined":15,"s:86:4:87:Infinity":29,"s:87:6:87:Infinity":30,"s:91:2:91:Infinity":31,"f:94:16:94:32":6,"b:95:2:96:Infinity:undefined:undefined:undefined:undefined":16,"s:95:2:96:Infinity":32,"b:95:6:95:15:95:15:95:27":17,"s:96:4:96:Infinity":33,"b:98:2:99:Infinity:undefined:undefined:undefined:undefined":18,"s:98:2:99:Infinity":34,"s:99:4:99:Infinity":35,"s:101:2:101:Infinity":36,"f:104:16:104:29":7,"b:105:2:106:Infinity:undefined:undefined:undefined:undefined":19,"s:105:2:106:Infinity":37,"b:105:6:105:15:105:15:105:27":20,"s:106:4:106:Infinity":38,"b:108:2:109:Infinity:undefined:undefined:undefined:undefined":21,"s:108:2:109:Infinity":39,"s:109:4:109:Infinity":40,"b:111:2:112:Infinity:undefined:undefined:undefined:undefined":22,"s:111:2:112:Infinity":41,"s:112:4:112:Infinity":42,"s:114:2:114:Infinity":43,"f:117:16:117:28":8,"b:118:2:119:Infinity:undefined:undefined:undefined:undefined":23,"s:118:2:119:Infinity":44,"b:118:6:118:13:118:13:118:48":24,"s:119:4:119:Infinity":45,"s:121:2:121:Infinity":46,"f:124:16:124:31":9,"b:125:2:126:Infinity:undefined:undefined:undefined:undefined":25,"s:125:2:126:Infinity":47,"b:125:6:125:17:125:17:125:31":26,"s:126:4:126:Infinity":48,"b:128:2:129:Infinity:undefined:undefined:undefined:undefined":27,"s:128:2:129:Infinity":49,"s:129:4:129:Infinity":50,"b:131:2:132:Infinity:undefined:undefined:undefined:undefined":28,"s:131:2:132:Infinity":51,"s:132:4:132:Infinity":52,"b:134:2:135:Infinity:undefined:undefined:undefined:undefined":29,"s:134:2:135:Infinity":53,"s:135:4:135:Infinity":54,"s:137:2:137:Infinity":55,"f:143:16:143:29":10,"s:146:2:146:Infinity":56,"f:152:16:152:31":11,"s:153:2:156:Infinity":57,"f:155:5:155:10":12,"s:155:18:155:28":58}}}
}
