TN:
SF:src/api.js
FN:4,buildRequestError
FN:16,apiRequest
FN:20,(anonymous_2)
FNF:3
FNH:2
FNDA:2,buildRequestError
FNDA:3,apiRequest
FNDA:0,(anonymous_2)
DA:2,1
DA:5,2
DA:6,2
DA:8,2
DA:9,2
DA:10,2
DA:11,2
DA:13,2
DA:17,3
DA:19,3
DA:20,3
DA:22,3
DA:23,3
DA:35,3
DA:36,3
DA:38,3
DA:39,3
DA:40,3
DA:42,1
DA:46,3
DA:47,2
DA:50,1
DA:52,2
DA:53,0
DA:56,2
DA:58,3
LF:26
LH:25
BRDA:2,0,0,1
BRDA:2,0,1,1
BRDA:4,1,0,2
BRDA:5,2,0,2
BRDA:5,2,1,1
BRDA:6,3,0,2
BRDA:6,3,1,1
BRDA:6,3,2,0
BRDA:9,4,0,2
BRDA:9,4,1,1
BRDA:10,5,0,2
BRDA:10,5,1,1
BRDA:11,6,0,2
BRDA:11,6,1,1
BRDA:11,6,2,1
BRDA:16,7,0,3
BRDA:17,8,0,3
BRDA:17,9,0,3
BRDA:17,10,0,3
BRDA:28,11,0,1
BRDA:28,11,1,2
BRDA:29,12,0,0
BRDA:29,12,1,3
BRDA:32,13,0,1
BRDA:32,13,1,2
BRDA:38,14,0,3
BRDA:38,14,1,0
BRDA:46,15,0,2
BRDA:46,15,1,1
BRDA:52,16,0,0
BRDA:52,16,1,2
BRF:31
BRH:27
end_of_record
TN:
SF:src/components/ErrorBoundary.jsx
FN:4,(anonymous_0)
FN:10,(anonymous_1)
FN:14,(anonymous_2)
FN:20,(anonymous_3)
FN:32,(anonymous_4)
FN:36,(anonymous_5)
FNF:6
FNH:4
FNDA:4,(anonymous_0)
FNDA:1,(anonymous_1)
FNDA:0,(anonymous_2)
FNDA:1,(anonymous_3)
FNDA:0,(anonymous_4)
FNDA:5,(anonymous_5)
DA:5,4
DA:6,4
DA:7,4
DA:11,2
DA:15,0
DA:16,0
DA:21,1
DA:27,1
DA:28,0
DA:33,0
DA:37,5
DA:38,2
DA:40,2
DA:42,2
DA:43,2
DA:45,2
DA:65,3
LF:17
LH:13
BRDA:15,0,0,0
BRDA:15,0,1,0
BRDA:15,1,0,0
BRDA:15,1,1,0
BRDA:22,2,0,0
BRDA:22,2,1,1
BRDA:27,3,0,0
BRDA:27,3,1,1
BRDA:37,4,0,2
BRDA:37,4,1,3
BRDA:38,5,0,2
BRDA:38,5,1,0
BRDA:40,6,0,2
BRDA:40,6,1,0
BRDA:42,7,0,2
BRDA:42,7,1,2
BRDA:43,8,0,2
BRDA:43,8,1,2
BRDA:50,9,0,2
BRDA:50,9,1,0
BRF:20
BRH:11
end_of_record
TN:
SF:src/components/LoadingDots.jsx
FN:1,LoadingDots
FNF:1
FNH:1
FNDA:4,LoadingDots
DA:2,4
LF:1
LH:1
BRF:0
BRH:0
end_of_record
TN:
SF:src/data/siteContent.js
FN:47,(anonymous_0)
FNF:1
FNH:1
FNDA:14,(anonymous_0)
DA:1,2
DA:46,2
DA:47,14
DA:50,2
DA:56,2
DA:62,2
LF:6
LH:6
BRF:0
BRH:0
end_of_record
TN:
SF:src/pages/CreateArticlePage.jsx
FN:21,CreateArticlePage
FN:48,(anonymous_1)
FN:57,(anonymous_2)
FN:71,(anonymous_3)
FN:79,(anonymous_4)
FN:81,(anonymous_5)
FN:93,(anonymous_6)
FN:104,(anonymous_7)
FN:109,loadEditorResource
FN:119,(anonymous_9)
FN:135,(anonymous_10)
FN:157,updateField
FN:166,(anonymous_12)
FN:172,handlePublish
FN:233,handleSaveDraft
FN:304,(anonymous_15)
FN:309,(anonymous_16)
FN:313,(anonymous_17)
FN:423,(anonymous_18)
FN:490,(anonymous_19)
FN:505,(anonymous_20)
FN:512,(anonymous_21)
FN:513,(anonymous_22)
FN:544,(anonymous_23)
FN:544,(anonymous_24)
FN:550,(anonymous_25)
FN:550,(anonymous_26)
FN:583,(anonymous_27)
FN:597,(anonymous_28)
FNF:29
FNH:21
FNDA:34,CreateArticlePage
FNDA:5,(anonymous_1)
FNDA:0,(anonymous_2)
FNDA:17,(anonymous_3)
FNDA:0,(anonymous_4)
FNDA:12,(anonymous_5)
FNDA:38,(anonymous_6)
FNDA:5,(anonymous_7)
FNDA:0,loadEditorResource
FNDA:0,(anonymous_9)
FNDA:0,(anonymous_10)
FNDA:5,updateField
FNDA:5,(anonymous_12)
FNDA:2,handlePublish
FNDA:1,handleSaveDraft
FNDA:6,(anonymous_15)
FNDA:0,(anonymous_16)
FNDA:1,(anonymous_17)
FNDA:217,(anonymous_18)
FNDA:8,(anonymous_19)
FNDA:1,(anonymous_20)
FNDA:1,(anonymous_21)
FNDA:1,(anonymous_22)
FNDA:0,(anonymous_23)
FNDA:0,(anonymous_24)
FNDA:1,(anonymous_25)
FNDA:1,(anonymous_26)
FNDA:8,(anonymous_27)
FNDA:93,(anonymous_28)
DA:19,1
DA:22,34
DA:27,34
DA:36,34
DA:37,34
DA:38,34
DA:39,34
DA:40,34
DA:41,34
DA:42,34
DA:43,34
DA:44,34
DA:45,34
DA:46,34
DA:48,34
DA:49,5
DA:51,5
DA:52,5
DA:53,5
DA:54,0
DA:55,0
DA:56,0
DA:57,0
DA:61,0
DA:67,5
DA:71,34
DA:72,17
DA:73,5
DA:76,12
DA:77,12
DA:78,12
DA:79,12
DA:81,12
DA:82,12
DA:89,34
DA:90,34
DA:91,34
DA:93,38
DA:96,34
DA:97,34
DA:102,34
DA:104,34
DA:105,5
DA:106,5
DA:110,0
DA:111,0
DA:113,0
DA:114,0
DA:115,0
DA:116,0
DA:118,0
DA:119,0
DA:131,0
DA:132,0
DA:134,0
DA:135,0
DA:148,0
DA:150,0
DA:154,0
DA:158,5
DA:159,5
DA:162,5
DA:163,1
DA:166,5
DA:173,2
DA:176,2
DA:177,2
DA:178,1
DA:179,1
DA:182,1
DA:183,1
DA:184,0
DA:185,0
DA:188,1
DA:189,1
DA:190,0
DA:191,0
DA:194,1
DA:195,1
DA:196,0
DA:197,0
DA:200,1
DA:201,1
DA:202,0
DA:203,0
DA:206,1
DA:207,1
DA:209,1
DA:210,1
DA:221,1
DA:222,1
DA:227,0
DA:229,1
DA:234,1
DA:237,1
DA:238,1
DA:239,0
DA:240,0
DA:244,1
DA:245,0
DA:246,0
DA:250,1
DA:251,1
DA:252,0
DA:253,0
DA:256,1
DA:257,1
DA:258,0
DA:259,0
DA:262,1
DA:263,1
DA:265,1
DA:266,1
DA:271,1
DA:272,1
DA:281,1
DA:282,1
DA:285,1
DA:286,0
DA:288,1
DA:289,1
DA:292,1
DA:293,1
DA:298,0
DA:300,1
DA:304,34
DA:305,6
DA:306,5
DA:309,1
DA:310,0
DA:313,1
DA:314,1
DA:318,34
DA:319,3
DA:339,31
DA:340,0
DA:360,31
DA:361,0
DA:371,31
DA:372,0
DA:384,31
DA:424,217
DA:491,8
DA:506,1
DA:507,1
DA:508,0
DA:511,1
DA:512,1
DA:513,1
DA:518,1
DA:544,0
DA:550,1
DA:584,8
DA:598,93
LF:154
LH:109
BRDA:22,0,0,0
BRDA:22,0,1,34
BRDA:24,1,0,0
BRDA:24,1,1,34
BRDA:42,2,0,34
BRDA:42,2,1,34
BRDA:53,3,0,0
BRDA:53,3,1,5
BRDA:55,4,0,0
BRDA:55,4,1,0
BRDA:55,5,0,0
BRDA:55,5,1,0
BRDA:72,6,0,5
BRDA:72,6,1,12
BRDA:72,7,0,17
BRDA:72,7,1,12
BRDA:90,8,0,34
BRDA:90,8,1,0
BRDA:96,9,0,34
BRDA:96,9,1,34
BRDA:97,10,0,0
BRDA:97,10,1,34
BRDA:99,11,0,0
BRDA:99,11,1,34
BRDA:102,12,0,23
BRDA:102,12,1,11
BRDA:105,13,0,5
BRDA:105,13,1,0
BRDA:105,14,0,5
BRDA:105,14,1,5
BRDA:114,15,0,0
BRDA:114,15,1,0
BRDA:118,16,0,0
BRDA:118,16,1,0
BRDA:121,17,0,0
BRDA:121,17,1,0
BRDA:122,18,0,0
BRDA:122,18,1,0
BRDA:123,19,0,0
BRDA:123,19,1,0
BRDA:124,20,0,0
BRDA:124,20,1,0
BRDA:125,21,0,0
BRDA:125,21,1,0
BRDA:126,22,0,0
BRDA:126,22,1,0
BRDA:127,23,0,0
BRDA:127,23,1,0
BRDA:134,24,0,0
BRDA:134,24,1,0
BRDA:137,25,0,0
BRDA:137,25,1,0
BRDA:138,26,0,0
BRDA:138,26,1,0
BRDA:139,27,0,0
BRDA:139,27,1,0
BRDA:140,28,0,0
BRDA:140,28,1,0
BRDA:141,29,0,0
BRDA:141,29,1,0
BRDA:142,30,0,0
BRDA:142,30,1,0
BRDA:143,31,0,0
BRDA:143,31,1,0
BRDA:162,32,0,1
BRDA:162,32,1,4
BRDA:177,33,0,1
BRDA:177,33,1,1
BRDA:183,34,0,0
BRDA:183,34,1,1
BRDA:189,35,0,0
BRDA:189,35,1,1
BRDA:195,36,0,0
BRDA:195,36,1,1
BRDA:201,37,0,0
BRDA:201,37,1,1
BRDA:238,38,0,0
BRDA:238,38,1,1
BRDA:244,39,0,0
BRDA:244,39,1,1
BRDA:251,40,0,0
BRDA:251,40,1,1
BRDA:257,41,0,0
BRDA:257,41,1,1
BRDA:266,42,0,0
BRDA:266,42,1,1
BRDA:268,43,0,0
BRDA:268,43,1,1
BRDA:271,44,0,0
BRDA:271,44,1,1
BRDA:271,45,0,1
BRDA:271,45,1,1
BRDA:277,46,0,1
BRDA:277,46,1,0
BRDA:277,47,0,1
BRDA:277,47,1,1
BRDA:281,48,0,1
BRDA:281,48,1,0
BRDA:285,49,0,0
BRDA:285,49,1,1
BRDA:305,50,0,5
BRDA:305,50,1,1
BRDA:318,51,0,3
BRDA:318,51,1,31
BRDA:339,52,0,0
BRDA:339,52,1,31
BRDA:360,53,0,0
BRDA:360,53,1,31
BRDA:371,54,0,0
BRDA:371,54,1,31
BRDA:390,55,0,0
BRDA:390,55,1,31
BRDA:394,56,0,22
BRDA:394,56,1,9
BRDA:411,57,0,0
BRDA:411,57,1,31
BRDA:414,58,0,34
BRDA:414,58,1,17
BRDA:442,59,0,0
BRDA:442,59,1,31
BRDA:445,60,0,34
BRDA:445,60,1,0
BRDA:462,61,0,0
BRDA:462,61,1,31
BRDA:465,62,0,34
BRDA:465,62,1,23
BRDA:484,63,0,34
BRDA:484,63,1,0
BRDA:488,64,0,34
BRDA:488,64,1,4
BRDA:507,65,0,0
BRDA:507,65,1,1
BRDA:515,66,0,1
BRDA:515,66,1,0
BRDA:521,67,0,2
BRDA:521,67,1,29
BRDA:531,68,0,0
BRDA:531,68,1,31
BRDA:546,69,0,0
BRDA:546,69,1,31
BRDA:556,70,0,1
BRDA:556,70,1,30
BRDA:557,71,0,1
BRDA:557,71,1,30
BRDA:568,72,0,2
BRDA:568,72,1,29
BRDA:568,73,0,0
BRDA:568,73,1,29
BRDA:568,74,0,29
BRDA:568,74,1,0
BRDA:571,75,0,2
BRDA:571,75,1,29
BRDA:579,76,0,34
BRDA:579,76,1,14
BRDA:580,77,0,34
BRDA:580,77,1,23
BRDA:582,78,0,4
BRDA:582,78,1,27
BRF:158
BRH:84
end_of_record
TN:
SF:src/pages/LoginPage.jsx
FN:6,LoginPage
FN:16,handleChange
FN:18,(anonymous_2)
FN:24,handleRequestOtp
FN:48,handleVerifyOtp
FN:106,(anonymous_5)
FNF:6
FNH:6
FNDA:67,LoginPage
FNDA:54,handleChange
FNDA:54,(anonymous_2)
FNDA:4,handleRequestOtp
FNDA:1,handleVerifyOtp
FNDA:201,(anonymous_5)
DA:7,67
DA:12,67
DA:13,67
DA:14,67
DA:17,54
DA:18,54
DA:25,4
DA:27,4
DA:28,1
DA:29,1
DA:32,3
DA:34,3
DA:35,3
DA:39,2
DA:40,2
DA:42,1
DA:44,3
DA:49,1
DA:51,1
DA:52,0
DA:53,0
DA:56,1
DA:58,1
DA:59,1
DA:64,0
DA:66,1
DA:70,67
DA:71,0
DA:96,67
DA:107,201
LF:30
LH:26
BRDA:27,0,0,1
BRDA:27,0,1,3
BRDA:40,1,0,2
BRDA:40,1,1,0
BRDA:51,2,0,0
BRDA:51,2,1,1
BRDA:70,3,0,0
BRDA:70,3,1,67
BRDA:75,4,0,0
BRDA:75,4,1,0
BRDA:83,5,0,0
BRDA:83,5,1,0
BRDA:85,6,0,0
BRDA:85,6,1,0
BRDA:117,7,0,57
BRDA:117,7,1,10
BRDA:144,8,0,10
BRDA:144,8,1,57
BRDA:158,9,0,12
BRDA:158,9,1,55
BRDA:161,10,0,4
BRDA:161,10,1,63
BRDA:165,11,0,54
BRDA:165,11,1,9
BRF:24
BRH:15
end_of_record
TN:
SF:src/utils/articleUtils.js
FN:1,slugify
FN:11,stripHtml
FN:15,estimateReadTime
FN:21,toValidDate
FN:30,formatShortDate
FN:44,formatLongDate
FN:58,getInitials
FN:63,(anonymous_7)
FN:67,getDisplayName
FN:71,getHeadline
FN:75,withProtocol
FNF:11
FNH:11
FNDA:2,slugify
FNDA:68,stripHtml
FNDA:33,estimateReadTime
FNDA:4,toValidDate
FNDA:2,formatShortDate
FNDA:2,formatLongDate
FNDA:2,getInitials
FNDA:3,(anonymous_7)
FNDA:3,getDisplayName
FNDA:4,getHeadline
FNDA:4,withProtocol
DA:2,2
DA:8,2
DA:12,68
DA:16,33
DA:17,33
DA:18,33
DA:22,4
DA:23,1
DA:26,3
DA:27,3
DA:31,2
DA:33,2
DA:34,1
DA:37,1
DA:45,2
DA:47,2
DA:48,1
DA:51,1
DA:59,2
DA:63,3
DA:68,3
DA:72,4
DA:76,4
DA:77,1
DA:80,3
LF:25
LH:25
BRDA:8,0,0,2
BRDA:8,0,1,1
BRDA:11,1,0,68
BRDA:15,2,0,33
BRDA:22,3,0,1
BRDA:22,3,1,3
BRDA:27,4,0,1
BRDA:27,4,1,2
BRDA:30,5,0,2
BRDA:33,6,0,1
BRDA:33,6,1,1
BRDA:44,7,0,2
BRDA:47,8,0,1
BRDA:47,8,1,1
BRDA:58,9,0,2
BRDA:63,10,0,3
BRDA:63,10,1,0
BRDA:68,11,0,3
BRDA:68,11,1,2
BRDA:68,11,2,1
BRDA:72,12,0,4
BRDA:72,12,1,3
BRDA:72,12,2,2
BRDA:72,12,3,1
BRDA:75,13,0,4
BRDA:76,14,0,1
BRDA:76,14,1,3
BRDA:80,15,0,2
BRDA:80,15,1,1
BRF:29
BRH:28
end_of_record
TN:
SF:src/utils/validations.js
FN:25,validateTitle
FN:38,validateSummary
FN:51,validateCoverLabel
FN:58,validateBody
FN:69,validateTags
FN:76,(anonymous_5)
FN:94,validateComment
FN:104,validateName
FN:117,validateBio
FN:124,validateHandle
FN:143,sanitizeTags
FN:152,getTagsPreview
FN:155,(anonymous_12)
FNF:13
FNH:13
FNDA:53,validateTitle
FNDA:57,validateSummary
FNDA:33,validateCoverLabel
FNDA:3,validateBody
FNDA:36,validateTags
FNDA:19,(anonymous_5)
FNDA:2,validateComment
FNDA:2,validateName
FNDA:2,validateBio
FNDA:2,validateHandle
FNDA:2,sanitizeTags
FNDA:69,getTagsPreview
FNDA:84,(anonymous_12)
DA:5,2
DA:26,53
DA:27,28
DA:29,25
DA:30,8
DA:32,17
DA:33,0
DA:35,17
DA:39,57
DA:40,46
DA:42,11
DA:43,1
DA:45,10
DA:46,0
DA:48,10
DA:52,33
DA:53,0
DA:55,33
DA:59,3
DA:63,3
DA:64,1
DA:66,2
DA:70,36
DA:71,28
DA:74,8
DA:76,19
DA:80,8
DA:81,1
DA:85,7
DA:86,13
DA:87,1
DA:91,6
DA:95,2
DA:96,1
DA:98,1
DA:99,0
DA:101,1
DA:105,2
DA:106,0
DA:108,2
DA:109,1
DA:111,1
DA:112,0
DA:114,1
DA:118,2
DA:119,1
DA:121,1
DA:125,2
DA:126,0
DA:128,2
DA:129,0
DA:131,2
DA:132,0
DA:134,2
DA:135,1
DA:137,1
DA:146,2
DA:153,69
DA:155,84
LF:59
LH:50
BRDA:26,0,0,28
BRDA:26,0,1,25
BRDA:26,1,0,53
BRDA:26,1,1,25
BRDA:29,2,0,8
BRDA:29,2,1,17
BRDA:32,3,0,0
BRDA:32,3,1,17
BRDA:39,4,0,46
BRDA:39,4,1,11
BRDA:39,5,0,57
BRDA:39,5,1,11
BRDA:42,6,0,1
BRDA:42,6,1,10
BRDA:45,7,0,0
BRDA:45,7,1,10
BRDA:52,8,0,0
BRDA:52,8,1,33
BRDA:52,9,0,33
BRDA:52,9,1,0
BRDA:63,10,0,1
BRDA:63,10,1,2
BRDA:63,11,0,3
BRDA:63,11,1,3
BRDA:70,12,0,28
BRDA:70,12,1,8
BRDA:70,13,0,36
BRDA:70,13,1,8
BRDA:80,14,0,1
BRDA:80,14,1,7
BRDA:86,15,0,1
BRDA:86,15,1,12
BRDA:95,16,0,1
BRDA:95,16,1,1
BRDA:95,17,0,2
BRDA:95,17,1,1
BRDA:98,18,0,0
BRDA:98,18,1,1
BRDA:105,19,0,0
BRDA:105,19,1,2
BRDA:105,20,0,2
BRDA:105,20,1,2
BRDA:108,21,0,1
BRDA:108,21,1,1
BRDA:111,22,0,0
BRDA:111,22,1,1
BRDA:118,23,0,1
BRDA:118,23,1,1
BRDA:118,24,0,2
BRDA:118,24,1,2
BRDA:125,25,0,0
BRDA:125,25,1,2
BRDA:125,26,0,2
BRDA:125,26,1,2
BRDA:128,27,0,0
BRDA:128,27,1,2
BRDA:131,28,0,0
BRDA:131,28,1,2
BRDA:134,29,0,1
BRDA:134,29,1,1
BRF:60
BRH:50
end_of_record
